#
# A fatal error has been detected by the Java Runtime Environment:
#
#  EXCEPTION_ACCESS_VIOLATION (0xc0000005) at pc=0x00007ffc31104808, pid=25376, tid=29232
#
# JRE version: Java(TM) SE Runtime Environment (11.0.6+8) (build 11.0.6+8-LTS)
# Java VM: Java HotSpot(TM) 64-Bit Server VM (11.0.6+8-LTS, mixed mode, tiered, compressed oops, g1 gc, windows-amd64)
# Problematic frame:
# V  [jvm.dll+0x1c4808]
#
# No core dump will be written. Minidumps are not enabled by default on client versions of Windows
#
# If you would like to submit a bug report, please visit:
#   http://bugreport.java.com/bugreport/crash.jsp
#

---------------  S U M M A R Y ------------

Command Line: --module-path=C:\Games\javafx-sdk-15.0.1\lib --add-modules=javafx.controls,javafx.media alpha.Main

Host: Intel(R) Core(TM) i5-8300H CPU @ 2.30GHz, 8 cores, 7G,  Windows 10 , 64 bit Build 19041 (10.0.19041.662)
Time: Wed Jan 27 22:32:04 2021 Romance Standard Time elapsed time: 56 seconds (0d 0h 0m 56s)

---------------  T H R E A D  ---------------

Current thread (0x0000016139915800):  JavaThread "C2 CompilerThread0" daemon [_thread_in_vm, id=29232, stack(0x000000206ee00000,0x000000206ef00000)]


Current CompileTask:
C2:  56795 4269       4       com.sun.javafx.sg.prism.NGText::renderText (523 bytes)

Stack: [0x000000206ee00000,0x000000206ef00000],  sp=0x000000206eefd320,  free space=1012k
Native frames: (J=compiled Java code, j=interpreted, Vv=VM code, C=native code)
V  [jvm.dll+0x1c4808]
V  [jvm.dll+0x1c5086]
V  [jvm.dll+0x1b4cea]
V  [jvm.dll+0x742772]
V  [jvm.dll+0x747004]
V  [jvm.dll+0x744581]
V  [jvm.dll+0x21adef]
V  [jvm.dll+0x657fd0]
V  [jvm.dll+0x657e26]
V  [jvm.dll+0x652f9a]
V  [jvm.dll+0x64c4db]
V  [jvm.dll+0x64baf2]
V  [jvm.dll+0x649717]
V  [jvm.dll+0x19660c]
V  [jvm.dll+0x21719b]
V  [jvm.dll+0x193a2c]
V  [jvm.dll+0x226544]
V  [jvm.dll+0x224b28]
V  [jvm.dll+0x73a9c5]
V  [jvm.dll+0x733905]
V  [jvm.dll+0x635846]
C  [ucrtbase.dll+0x214c2]
C  [KERNEL32.DLL+0x17034]
C  [ntdll.dll+0x4d0d1]


siginfo: EXCEPTION_ACCESS_VIOLATION (0xc0000005), reading address 0x0000000000000008


Register to memory mapping:

RIP=0x00007ffc31104808 jvm.dll
RAX=0x0 is NULL
RBX=0x0000000100192920 is pointing into metadata
RCX=0x0000000100192920 is pointing into metadata
RDX=0x0000000100192920 is pointing into metadata
RSP=0x000000206eefd320 is pointing into the stack for thread: 0x0000016139915800
RBP=0x0000000100192920 is pointing into metadata
RSI=0x0000016139915800 is a thread
RDI=0x000001613ca78d60 points into unknown readable memory: 38 f3 ef 6e 20 00 00 00
R8 =0x0000000000000002 is an unknown value
R9 =0x000001613af5d910 points into unknown readable memory: c0 27 29 3a 61 01 00 00
R10=0x000001613af60fd0 points into unknown readable memory: 05 00 00 00 07 00 00 00
R11=0x000001613aff4130 points into unknown readable memory: 90 41 ff 3a 61 01 00 00
R12=0x000000000000000c is an unknown value
R13=0x000001613bd411e0 points into unknown readable memory: c0 20 7b 31 fc 7f 00 00
R14=0x000001613a3a63a0 points into unknown readable memory: 08 e9 79 31 fc 7f 00 00
R15=0x000000000000009e is an unknown value


Registers:
RAX=0x0000000000000000, RBX=0x0000000100192920, RCX=0x0000000100192920, RDX=0x0000000100192920
RSP=0x000000206eefd320, RBP=0x0000000100192920, RSI=0x0000016139915800, RDI=0x000001613ca78d60
R8 =0x0000000000000002, R9 =0x000001613af5d910, R10=0x000001613af60fd0, R11=0x000001613aff4130
R12=0x000000000000000c, R13=0x000001613bd411e0, R14=0x000001613a3a63a0, R15=0x000000000000009e
RIP=0x00007ffc31104808, EFLAGS=0x0000000000010202

Top of Stack: (sp=0x000000206eefd320)
0x000000206eefd320:   0000000000000000 000001613b457f50
0x000000206eefd330:   0000000000000000 000000206eefd3c0
0x000000206eefd340:   000001613bc4b6e8 0000000000000000
0x000000206eefd350:   0000000000000000 00007ffc31105086
0x000000206eefd360:   0000000000000075 000001613ca78d60
0x000000206eefd370:   00000000fffffffc 000001613a2b5710
0x000000206eefd380:   0000000000000000 000000206eeff330
0x000000206eefd390:   000001613a3a63a0 00007ffc310f4cea
0x000000206eefd3a0:   000001613a3a63a0 0000016139915800
0x000000206eefd3b0:   0000000000000088 000001613bd3c9a0
0x000000206eefd3c0:   0000000000000000 00007ffc31682772
0x000000206eefd3d0:   000001613bc4bcd8 0000000000000088
0x000000206eefd3e0:   000001613a27c4d0 000001613bd40d98
0x000000206eefd3f0:   000001613a3a63a0 00007ffc31687004
0x000000206eefd400:   0000000000000001 0000000000000002
0x000000206eefd410:   000001613bc4bcd8 000001613a27c4d0 

Instructions: (pc=0x00007ffc31104808)
0x00007ffc311047e8:   f9 65 48 8b 04 25 58 00 00 00 48 8b ca be 08 00
0x00007ffc311047f8:   00 00 48 8b da 4a 8b 04 c0 48 8b 34 06 48 8b 02
0x00007ffc31104808:   ff 50 08 84 c0 0f 84 bd 00 00 00 8b 43 08 85 c0
0x00007ffc31104818:   7e 44 48 8b 17 b9 88 00 00 00 e8 39 4a ef ff 48 


Stack slot to memory mapping:
stack at sp + 0 slots: 0x0 is NULL
stack at sp + 1 slots: 0x000001613b457f50 points into unknown readable memory: 07 00 00 00 08 00 00 00
stack at sp + 2 slots: 0x0 is NULL
stack at sp + 3 slots: 0x000000206eefd3c0 is pointing into the stack for thread: 0x0000016139915800
stack at sp + 4 slots: 0x000001613bc4b6e8 points into unknown readable memory: c0 d1 81 31 fc 7f 00 00
stack at sp + 5 slots: 0x0 is NULL
stack at sp + 6 slots: 0x0 is NULL
stack at sp + 7 slots: 0x00007ffc31105086 jvm.dll


---------------  P R O C E S S  ---------------

Threads class SMR info:
_java_thread_list=0x000001613b0d9380, length=18, elements={
0x0000016118d59000, 0x00000161398cc800, 0x00000161398f6800, 0x0000016139913800,
0x0000016139914800, 0x0000016139915800, 0x0000016139918800, 0x0000016139922000,
0x0000016139887000, 0x000001613ac3c800, 0x000001613a96b800, 0x000001613b5fc800,
0x000001613b5ff000, 0x000001613b97c000, 0x000001613a61b000, 0x000001613a3f8000,
0x000001613b6ab000, 0x000001613a3bf800
}

Java Threads: ( => current thread )
  0x0000016118d59000 JavaThread "main" [_thread_blocked, id=28268, stack(0x000000206e300000,0x000000206e400000)]
  0x00000161398cc800 JavaThread "Reference Handler" daemon [_thread_blocked, id=29016, stack(0x000000206ea00000,0x000000206eb00000)]
  0x00000161398f6800 JavaThread "Finalizer" daemon [_thread_blocked, id=29112, stack(0x000000206eb00000,0x000000206ec00000)]
  0x0000016139913800 JavaThread "Signal Dispatcher" daemon [_thread_blocked, id=28028, stack(0x000000206ec00000,0x000000206ed00000)]
  0x0000016139914800 JavaThread "Attach Listener" daemon [_thread_blocked, id=16388, stack(0x000000206ed00000,0x000000206ee00000)]
=>0x0000016139915800 JavaThread "C2 CompilerThread0" daemon [_thread_in_vm, id=29232, stack(0x000000206ee00000,0x000000206ef00000)]
  0x0000016139918800 JavaThread "C1 CompilerThread0" daemon [_thread_blocked, id=19996, stack(0x000000206ef00000,0x000000206f000000)]
  0x0000016139922000 JavaThread "Sweeper thread" daemon [_thread_blocked, id=28580, stack(0x000000206f000000,0x000000206f100000)]
  0x0000016139887000 JavaThread "Common-Cleaner" daemon [_thread_blocked, id=22888, stack(0x000000206f100000,0x000000206f200000)]
  0x000001613ac3c800 JavaThread "Service Thread" daemon [_thread_blocked, id=27736, stack(0x000000206f400000,0x000000206f500000)]
  0x000001613a96b800 JavaThread "QuantumRenderer-0" daemon [_thread_in_native, id=29580, stack(0x000000206f600000,0x000000206f700000)]
  0x000001613b5fc800 JavaThread "InvokeLaterDispatcher" daemon [_thread_blocked, id=27900, stack(0x000000206f800000,0x000000206f900000)]
  0x000001613b5ff000 JavaThread "JavaFX Application Thread" [_thread_in_native, id=29692, stack(0x000000206f900000,0x000000206fa00000)]
  0x000001613b97c000 JavaThread "Thread-1" daemon [_thread_in_native, id=27384, stack(0x000000206f200000,0x000000206f300000)]
  0x000001613a61b000 JavaThread "Timer-0" [_thread_blocked, id=20248, stack(0x000000206f300000,0x000000206f400000)]
  0x000001613a3f8000 JavaThread "JavaFX-Launcher" [_thread_blocked, id=4244, stack(0x000000206fc00000,0x000000206fd00000)]
  0x000001613b6ab000 JavaThread "Prism Font Disposer" daemon [_thread_blocked, id=28576, stack(0x0000002070500000,0x0000002070600000)]
  0x000001613a3bf800 JavaThread "Media Resource Disposer" daemon [_thread_blocked, id=25004, stack(0x0000002071120000,0x0000002071220000)]

Other Threads:
  0x00000161398ca800 VMThread "VM Thread" [stack: 0x000000206e900000,0x000000206ea00000] [id=2044]
  0x000001613a693000 WatcherThread [stack: 0x000000206f500000,0x000000206f600000] [id=22368]
  0x0000016118d6e000 GCTaskThread "GC Thread#0" [stack: 0x000000206e400000,0x000000206e500000] [id=27676]
  0x000001613b80e000 GCTaskThread "GC Thread#1" [stack: 0x000000206fd00000,0x000000206fe00000] [id=24740]
  0x000001613c52b800 GCTaskThread "GC Thread#2" [stack: 0x000000206fe00000,0x000000206ff00000] [id=26188]
  0x000001613c52c000 GCTaskThread "GC Thread#3" [stack: 0x000000206ff00000,0x0000002070000000] [id=26020]
  0x000001613b7d7800 GCTaskThread "GC Thread#4" [stack: 0x0000002070000000,0x0000002070100000] [id=23264]
  0x000001613b7d8000 GCTaskThread "GC Thread#5" [stack: 0x0000002070100000,0x0000002070200000] [id=21620]
  0x000001613b7d8800 GCTaskThread "GC Thread#6" [stack: 0x0000002070200000,0x0000002070300000] [id=28964]
  0x000001613b7ef800 GCTaskThread "GC Thread#7" [stack: 0x0000002070300000,0x0000002070400000] [id=29148]
  0x0000016118d9d000 ConcurrentGCThread "G1 Main Marker" [stack: 0x000000206e500000,0x000000206e600000] [id=16516]
  0x0000016118d9f000 ConcurrentGCThread "G1 Conc#0" [stack: 0x000000206e600000,0x000000206e700000] [id=27408]
  0x0000016118e34000 ConcurrentGCThread "G1 Refine#0" [stack: 0x000000206e700000,0x000000206e800000] [id=28048]
  0x0000016139740800 ConcurrentGCThread "G1 Young RemSet Sampling" [stack: 0x000000206e800000,0x000000206e900000] [id=19712]

Threads with active compile tasks:
C2 CompilerThread04269       4       com.sun.javafx.sg.prism.NGText::renderText (523 bytes)

VM state:not at safepoint (normal execution)

VM Mutex/Monitor currently owned by a thread: None

Heap address: 0x0000000082600000, size: 2010 MB, Compressed Oops mode: 32-bit
Narrow klass base: 0x0000000000000000, Narrow klass shift: 3
Compressed class space size: 1073741824 Address: 0x0000000100000000

Heap:
 garbage-first heap   total 129024K, used 79494K [0x0000000082600000, 0x0000000100000000)
  region size 1024K, 68 young (69632K), 3 survivors (3072K)
 Metaspace       used 20470K, capacity 21013K, committed 21248K, reserved 1069056K
  class space    used 2295K, capacity 2520K, committed 2560K, reserved 1048576K
Heap Regions: E=young(eden), S=young(survivor), O=old, HS=humongous(starts), HC=humongous(continues), CS=collection set, F=free, A=archive, TAMS=top-at-mark-start (previous, next)
|   0|0x0000000082600000, 0x0000000082700000, 0x0000000082700000|100%|HS|  |TAMS 0x0000000082600000, 0x0000000082600000| Complete 
|   1|0x0000000082700000, 0x0000000082800000, 0x0000000082800000|100%|HS|  |TAMS 0x0000000082700000, 0x0000000082700000| Complete 
|   2|0x0000000082800000, 0x0000000082900000, 0x0000000082900000|100%|HS|  |TAMS 0x0000000082800000, 0x0000000082800000| Complete 
|   3|0x0000000082900000, 0x0000000082a00000, 0x0000000082a00000|100%|HS|  |TAMS 0x0000000082900000, 0x0000000082900000| Complete 
|   4|0x0000000082a00000, 0x0000000082b00000, 0x0000000082b00000|100%|HS|  |TAMS 0x0000000082a00000, 0x0000000082a00000| Complete 
|   5|0x0000000082b00000, 0x0000000082c00000, 0x0000000082c00000|100%|HC|  |TAMS 0x0000000082b00000, 0x0000000082b00000| Complete 
|   6|0x0000000082c00000, 0x0000000082d00000, 0x0000000082d00000|100%|HC|  |TAMS 0x0000000082c00000, 0x0000000082c00000| Complete 
|   7|0x0000000082d00000, 0x0000000082e00000, 0x0000000082e00000|100%|HC|  |TAMS 0x0000000082d00000, 0x0000000082d00000| Complete 
|   8|0x0000000082e00000, 0x0000000082f00000, 0x0000000082f00000|100%| O|  |TAMS 0x0000000082e00000, 0x0000000082e00000| Untracked 
|   9|0x0000000082f00000, 0x0000000083000000, 0x0000000083000000|100%| O|  |TAMS 0x0000000082f00000, 0x0000000082f00000| Untracked 
|  10|0x0000000083000000, 0x00000000830cca00, 0x0000000083100000| 79%| O|  |TAMS 0x0000000083000000, 0x0000000083000000| Untracked 
|  11|0x0000000083100000, 0x0000000083100000, 0x0000000083200000|  0%| F|  |TAMS 0x0000000083100000, 0x0000000083100000| Untracked 
|  12|0x0000000083200000, 0x0000000083200000, 0x0000000083300000|  0%| F|  |TAMS 0x0000000083200000, 0x0000000083200000| Untracked 
|  13|0x0000000083300000, 0x0000000083300000, 0x0000000083400000|  0%| F|  |TAMS 0x0000000083300000, 0x0000000083300000| Untracked 
|  14|0x0000000083400000, 0x0000000083400000, 0x0000000083500000|  0%| F|  |TAMS 0x0000000083400000, 0x0000000083400000| Untracked 
|  15|0x0000000083500000, 0x0000000083500000, 0x0000000083600000|  0%| F|  |TAMS 0x0000000083500000, 0x0000000083500000| Untracked 
|  16|0x0000000083600000, 0x0000000083600000, 0x0000000083700000|  0%| F|  |TAMS 0x0000000083600000, 0x0000000083600000| Untracked 
|  17|0x0000000083700000, 0x0000000083700000, 0x0000000083800000|  0%| F|  |TAMS 0x0000000083700000, 0x0000000083700000| Untracked 
|  18|0x0000000083800000, 0x0000000083800000, 0x0000000083900000|  0%| F|  |TAMS 0x0000000083800000, 0x0000000083800000| Untracked 
|  19|0x0000000083900000, 0x0000000083900000, 0x0000000083a00000|  0%| F|  |TAMS 0x0000000083900000, 0x0000000083900000| Untracked 
|  20|0x0000000083a00000, 0x0000000083a00000, 0x0000000083b00000|  0%| F|  |TAMS 0x0000000083a00000, 0x0000000083a00000| Untracked 
|  21|0x0000000083b00000, 0x0000000083b00000, 0x0000000083c00000|  0%| F|  |TAMS 0x0000000083b00000, 0x0000000083b00000| Untracked 
|  22|0x0000000083c00000, 0x0000000083c00000, 0x0000000083d00000|  0%| F|  |TAMS 0x0000000083c00000, 0x0000000083c00000| Untracked 
|  23|0x0000000083d00000, 0x0000000083d00000, 0x0000000083e00000|  0%| F|  |TAMS 0x0000000083d00000, 0x0000000083d00000| Untracked 
|  24|0x0000000083e00000, 0x0000000083e00000, 0x0000000083f00000|  0%| F|  |TAMS 0x0000000083e00000, 0x0000000083e00000| Untracked 
|  25|0x0000000083f00000, 0x0000000083f00000, 0x0000000084000000|  0%| F|  |TAMS 0x0000000083f00000, 0x0000000083f00000| Untracked 
|  26|0x0000000084000000, 0x0000000084000000, 0x0000000084100000|  0%| F|  |TAMS 0x0000000084000000, 0x0000000084000000| Untracked 
|  27|0x0000000084100000, 0x0000000084100000, 0x0000000084200000|  0%| F|  |TAMS 0x0000000084100000, 0x0000000084100000| Untracked 
|  28|0x0000000084200000, 0x0000000084200000, 0x0000000084300000|  0%| F|  |TAMS 0x0000000084200000, 0x0000000084200000| Untracked 
|  29|0x0000000084300000, 0x0000000084300000, 0x0000000084400000|  0%| F|  |TAMS 0x0000000084300000, 0x0000000084300000| Untracked 
|  30|0x0000000084400000, 0x0000000084400000, 0x0000000084500000|  0%| F|  |TAMS 0x0000000084400000, 0x0000000084400000| Untracked 
|  31|0x0000000084500000, 0x0000000084500000, 0x0000000084600000|  0%| F|  |TAMS 0x0000000084500000, 0x0000000084500000| Untracked 
|  32|0x0000000084600000, 0x0000000084600000, 0x0000000084700000|  0%| F|  |TAMS 0x0000000084600000, 0x0000000084600000| Untracked 
|  33|0x0000000084700000, 0x0000000084700000, 0x0000000084800000|  0%| F|  |TAMS 0x0000000084700000, 0x0000000084700000| Untracked 
|  34|0x0000000084800000, 0x0000000084800000, 0x0000000084900000|  0%| F|  |TAMS 0x0000000084800000, 0x0000000084800000| Untracked 
|  35|0x0000000084900000, 0x0000000084900000, 0x0000000084a00000|  0%| F|  |TAMS 0x0000000084900000, 0x0000000084900000| Untracked 
|  36|0x0000000084a00000, 0x0000000084a00000, 0x0000000084b00000|  0%| F|  |TAMS 0x0000000084a00000, 0x0000000084a00000| Untracked 
|  37|0x0000000084b00000, 0x0000000084b00000, 0x0000000084c00000|  0%| F|  |TAMS 0x0000000084b00000, 0x0000000084b00000| Untracked 
|  38|0x0000000084c00000, 0x0000000084c00000, 0x0000000084d00000|  0%| F|  |TAMS 0x0000000084c00000, 0x0000000084c00000| Untracked 
|  39|0x0000000084d00000, 0x0000000084d00000, 0x0000000084e00000|  0%| F|  |TAMS 0x0000000084d00000, 0x0000000084d00000| Untracked 
|  40|0x0000000084e00000, 0x0000000084e00000, 0x0000000084f00000|  0%| F|  |TAMS 0x0000000084e00000, 0x0000000084e00000| Untracked 
|  41|0x0000000084f00000, 0x0000000084f00000, 0x0000000085000000|  0%| F|  |TAMS 0x0000000084f00000, 0x0000000084f00000| Untracked 
|  42|0x0000000085000000, 0x0000000085000000, 0x0000000085100000|  0%| F|  |TAMS 0x0000000085000000, 0x0000000085000000| Untracked 
|  43|0x0000000085100000, 0x0000000085100000, 0x0000000085200000|  0%| F|  |TAMS 0x0000000085100000, 0x0000000085100000| Untracked 
|  44|0x0000000085200000, 0x0000000085200000, 0x0000000085300000|  0%| F|  |TAMS 0x0000000085200000, 0x0000000085200000| Untracked 
|  45|0x0000000085300000, 0x0000000085300000, 0x0000000085400000|  0%| F|  |TAMS 0x0000000085300000, 0x0000000085300000| Untracked 
|  46|0x0000000085400000, 0x0000000085400000, 0x0000000085500000|  0%| F|  |TAMS 0x0000000085400000, 0x0000000085400000| Untracked 
|  47|0x0000000085500000, 0x0000000085500000, 0x0000000085600000|  0%| F|  |TAMS 0x0000000085500000, 0x0000000085500000| Untracked 
|  48|0x0000000085600000, 0x00000000856d5060, 0x0000000085700000| 83%| S|CS|TAMS 0x0000000085600000, 0x0000000085600000| Complete 
|  49|0x0000000085700000, 0x0000000085800000, 0x0000000085800000|100%| S|CS|TAMS 0x0000000085700000, 0x0000000085700000| Complete 
|  50|0x0000000085800000, 0x0000000085900000, 0x0000000085900000|100%| S|CS|TAMS 0x0000000085800000, 0x0000000085800000| Complete 
|  51|0x0000000085900000, 0x0000000085900000, 0x0000000085a00000|  0%| F|  |TAMS 0x0000000085900000, 0x0000000085900000| Untracked 
|  52|0x0000000085a00000, 0x0000000085a00000, 0x0000000085b00000|  0%| F|  |TAMS 0x0000000085a00000, 0x0000000085a00000| Untracked 
|  53|0x0000000085b00000, 0x0000000085b00000, 0x0000000085c00000|  0%| F|  |TAMS 0x0000000085b00000, 0x0000000085b00000| Untracked 
|  54|0x0000000085c00000, 0x0000000085c00000, 0x0000000085d00000|  0%| F|  |TAMS 0x0000000085c00000, 0x0000000085c00000| Untracked 
|  55|0x0000000085d00000, 0x0000000085d00000, 0x0000000085e00000|  0%| F|  |TAMS 0x0000000085d00000, 0x0000000085d00000| Untracked 
|  56|0x0000000085e00000, 0x0000000085e00000, 0x0000000085f00000|  0%| F|  |TAMS 0x0000000085e00000, 0x0000000085e00000| Untracked 
|  57|0x0000000085f00000, 0x0000000085f00000, 0x0000000086000000|  0%| F|  |TAMS 0x0000000085f00000, 0x0000000085f00000| Untracked 
|  58|0x0000000086000000, 0x0000000086000000, 0x0000000086100000|  0%| F|  |TAMS 0x0000000086000000, 0x0000000086000000| Untracked 
|  59|0x0000000086100000, 0x0000000086100000, 0x0000000086200000|  0%| F|  |TAMS 0x0000000086100000, 0x0000000086100000| Untracked 
|  60|0x0000000086200000, 0x0000000086200000, 0x0000000086300000|  0%| F|  |TAMS 0x0000000086200000, 0x0000000086200000| Untracked 
|  61|0x0000000086300000, 0x0000000086380800, 0x0000000086400000| 50%| E|  |TAMS 0x0000000086300000, 0x0000000086300000| Complete 
|  62|0x0000000086400000, 0x0000000086500000, 0x0000000086500000|100%| E|CS|TAMS 0x0000000086400000, 0x0000000086400000| Complete 
|  63|0x0000000086500000, 0x0000000086600000, 0x0000000086600000|100%| E|CS|TAMS 0x0000000086500000, 0x0000000086500000| Complete 
|  64|0x0000000086600000, 0x0000000086700000, 0x0000000086700000|100%| E|CS|TAMS 0x0000000086600000, 0x0000000086600000| Complete 
|  65|0x0000000086700000, 0x0000000086800000, 0x0000000086800000|100%| E|CS|TAMS 0x0000000086700000, 0x0000000086700000| Complete 
|  66|0x0000000086800000, 0x0000000086900000, 0x0000000086900000|100%| E|CS|TAMS 0x0000000086800000, 0x0000000086800000| Complete 
|  67|0x0000000086900000, 0x0000000086a00000, 0x0000000086a00000|100%| E|CS|TAMS 0x0000000086900000, 0x0000000086900000| Complete 
|  68|0x0000000086a00000, 0x0000000086b00000, 0x0000000086b00000|100%| E|CS|TAMS 0x0000000086a00000, 0x0000000086a00000| Complete 
|  69|0x0000000086b00000, 0x0000000086c00000, 0x0000000086c00000|100%| E|CS|TAMS 0x0000000086b00000, 0x0000000086b00000| Complete 
|  70|0x0000000086c00000, 0x0000000086d00000, 0x0000000086d00000|100%| E|CS|TAMS 0x0000000086c00000, 0x0000000086c00000| Complete 
|  71|0x0000000086d00000, 0x0000000086e00000, 0x0000000086e00000|100%| E|CS|TAMS 0x0000000086d00000, 0x0000000086d00000| Complete 
|  72|0x0000000086e00000, 0x0000000086f00000, 0x0000000086f00000|100%| E|CS|TAMS 0x0000000086e00000, 0x0000000086e00000| Complete 
|  73|0x0000000086f00000, 0x0000000087000000, 0x0000000087000000|100%| E|CS|TAMS 0x0000000086f00000, 0x0000000086f00000| Complete 
|  74|0x0000000087000000, 0x0000000087100000, 0x0000000087100000|100%| E|CS|TAMS 0x0000000087000000, 0x0000000087000000| Complete 
|  75|0x0000000087100000, 0x0000000087200000, 0x0000000087200000|100%| E|CS|TAMS 0x0000000087100000, 0x0000000087100000| Complete 
|  76|0x0000000087200000, 0x0000000087300000, 0x0000000087300000|100%| E|CS|TAMS 0x0000000087200000, 0x0000000087200000| Complete 
|  77|0x0000000087300000, 0x0000000087400000, 0x0000000087400000|100%| E|CS|TAMS 0x0000000087300000, 0x0000000087300000| Complete 
|  78|0x0000000087400000, 0x0000000087500000, 0x0000000087500000|100%| E|CS|TAMS 0x0000000087400000, 0x0000000087400000| Complete 
|  79|0x0000000087500000, 0x0000000087600000, 0x0000000087600000|100%| E|CS|TAMS 0x0000000087500000, 0x0000000087500000| Complete 
|  80|0x0000000087600000, 0x0000000087700000, 0x0000000087700000|100%| E|CS|TAMS 0x0000000087600000, 0x0000000087600000| Complete 
|  81|0x0000000087700000, 0x0000000087800000, 0x0000000087800000|100%| E|CS|TAMS 0x0000000087700000, 0x0000000087700000| Complete 
|  82|0x0000000087800000, 0x0000000087900000, 0x0000000087900000|100%| E|CS|TAMS 0x0000000087800000, 0x0000000087800000| Complete 
|  83|0x0000000087900000, 0x0000000087a00000, 0x0000000087a00000|100%| E|CS|TAMS 0x0000000087900000, 0x0000000087900000| Complete 
|  84|0x0000000087a00000, 0x0000000087b00000, 0x0000000087b00000|100%| E|CS|TAMS 0x0000000087a00000, 0x0000000087a00000| Complete 
|  85|0x0000000087b00000, 0x0000000087c00000, 0x0000000087c00000|100%| E|CS|TAMS 0x0000000087b00000, 0x0000000087b00000| Complete 
|  86|0x0000000087c00000, 0x0000000087d00000, 0x0000000087d00000|100%| E|CS|TAMS 0x0000000087c00000, 0x0000000087c00000| Complete 
|  87|0x0000000087d00000, 0x0000000087e00000, 0x0000000087e00000|100%| E|CS|TAMS 0x0000000087d00000, 0x0000000087d00000| Complete 
|  88|0x0000000087e00000, 0x0000000087f00000, 0x0000000087f00000|100%| E|CS|TAMS 0x0000000087e00000, 0x0000000087e00000| Complete 
|  89|0x0000000087f00000, 0x0000000088000000, 0x0000000088000000|100%| E|CS|TAMS 0x0000000087f00000, 0x0000000087f00000| Complete 
|  90|0x0000000088000000, 0x0000000088100000, 0x0000000088100000|100%| E|CS|TAMS 0x0000000088000000, 0x0000000088000000| Complete 
|  91|0x0000000088100000, 0x0000000088200000, 0x0000000088200000|100%| E|CS|TAMS 0x0000000088100000, 0x0000000088100000| Complete 
|  92|0x0000000088200000, 0x0000000088300000, 0x0000000088300000|100%| E|CS|TAMS 0x0000000088200000, 0x0000000088200000| Complete 
|  93|0x0000000088300000, 0x0000000088400000, 0x0000000088400000|100%| E|CS|TAMS 0x0000000088300000, 0x0000000088300000| Complete 
|  94|0x0000000088400000, 0x0000000088500000, 0x0000000088500000|100%| E|CS|TAMS 0x0000000088400000, 0x0000000088400000| Complete 
|  95|0x0000000088500000, 0x0000000088600000, 0x0000000088600000|100%| E|CS|TAMS 0x0000000088500000, 0x0000000088500000| Complete 
|  96|0x0000000088600000, 0x0000000088700000, 0x0000000088700000|100%| E|CS|TAMS 0x0000000088600000, 0x0000000088600000| Complete 
|  97|0x0000000088700000, 0x0000000088800000, 0x0000000088800000|100%| E|CS|TAMS 0x0000000088700000, 0x0000000088700000| Complete 
|  98|0x0000000088800000, 0x0000000088900000, 0x0000000088900000|100%| E|CS|TAMS 0x0000000088800000, 0x0000000088800000| Complete 
|  99|0x0000000088900000, 0x0000000088a00000, 0x0000000088a00000|100%| E|CS|TAMS 0x0000000088900000, 0x0000000088900000| Complete 
| 100|0x0000000088a00000, 0x0000000088b00000, 0x0000000088b00000|100%| E|CS|TAMS 0x0000000088a00000, 0x0000000088a00000| Complete 
| 101|0x0000000088b00000, 0x0000000088c00000, 0x0000000088c00000|100%| E|CS|TAMS 0x0000000088b00000, 0x0000000088b00000| Complete 
| 102|0x0000000088c00000, 0x0000000088d00000, 0x0000000088d00000|100%| E|CS|TAMS 0x0000000088c00000, 0x0000000088c00000| Complete 
| 103|0x0000000088d00000, 0x0000000088e00000, 0x0000000088e00000|100%| E|CS|TAMS 0x0000000088d00000, 0x0000000088d00000| Complete 
| 104|0x0000000088e00000, 0x0000000088f00000, 0x0000000088f00000|100%| E|CS|TAMS 0x0000000088e00000, 0x0000000088e00000| Complete 
| 105|0x0000000088f00000, 0x0000000089000000, 0x0000000089000000|100%| E|CS|TAMS 0x0000000088f00000, 0x0000000088f00000| Complete 
| 106|0x0000000089000000, 0x0000000089100000, 0x0000000089100000|100%| E|CS|TAMS 0x0000000089000000, 0x0000000089000000| Complete 
| 107|0x0000000089100000, 0x0000000089200000, 0x0000000089200000|100%| E|CS|TAMS 0x0000000089100000, 0x0000000089100000| Complete 
| 108|0x0000000089200000, 0x0000000089300000, 0x0000000089300000|100%| E|CS|TAMS 0x0000000089200000, 0x0000000089200000| Complete 
| 109|0x0000000089300000, 0x0000000089400000, 0x0000000089400000|100%| E|CS|TAMS 0x0000000089300000, 0x0000000089300000| Complete 
| 110|0x0000000089400000, 0x0000000089500000, 0x0000000089500000|100%| E|CS|TAMS 0x0000000089400000, 0x0000000089400000| Complete 
| 111|0x0000000089500000, 0x0000000089600000, 0x0000000089600000|100%| E|CS|TAMS 0x0000000089500000, 0x0000000089500000| Complete 
| 112|0x0000000089600000, 0x0000000089700000, 0x0000000089700000|100%| E|CS|TAMS 0x0000000089600000, 0x0000000089600000| Complete 
| 113|0x0000000089700000, 0x0000000089800000, 0x0000000089800000|100%| E|CS|TAMS 0x0000000089700000, 0x0000000089700000| Complete 
| 114|0x0000000089800000, 0x0000000089900000, 0x0000000089900000|100%| E|CS|TAMS 0x0000000089800000, 0x0000000089800000| Complete 
| 115|0x0000000089900000, 0x0000000089a00000, 0x0000000089a00000|100%| E|CS|TAMS 0x0000000089900000, 0x0000000089900000| Complete 
| 116|0x0000000089a00000, 0x0000000089b00000, 0x0000000089b00000|100%| E|CS|TAMS 0x0000000089a00000, 0x0000000089a00000| Complete 
| 117|0x0000000089b00000, 0x0000000089c00000, 0x0000000089c00000|100%| E|CS|TAMS 0x0000000089b00000, 0x0000000089b00000| Complete 
| 118|0x0000000089c00000, 0x0000000089d00000, 0x0000000089d00000|100%| E|CS|TAMS 0x0000000089c00000, 0x0000000089c00000| Complete 
| 119|0x0000000089d00000, 0x0000000089e00000, 0x0000000089e00000|100%| E|CS|TAMS 0x0000000089d00000, 0x0000000089d00000| Complete 
| 120|0x0000000089e00000, 0x0000000089f00000, 0x0000000089f00000|100%| E|CS|TAMS 0x0000000089e00000, 0x0000000089e00000| Complete 
| 121|0x0000000089f00000, 0x000000008a000000, 0x000000008a000000|100%| E|CS|TAMS 0x0000000089f00000, 0x0000000089f00000| Complete 
| 122|0x000000008a000000, 0x000000008a100000, 0x000000008a100000|100%| E|CS|TAMS 0x000000008a000000, 0x000000008a000000| Complete 
| 123|0x000000008a100000, 0x000000008a200000, 0x000000008a200000|100%| E|CS|TAMS 0x000000008a100000, 0x000000008a100000| Complete 
| 124|0x000000008a200000, 0x000000008a300000, 0x000000008a300000|100%| E|CS|TAMS 0x000000008a200000, 0x000000008a200000| Complete 
| 125|0x000000008a300000, 0x000000008a400000, 0x000000008a400000|100%| E|CS|TAMS 0x000000008a300000, 0x000000008a300000| Complete 

Card table byte_map: [0x0000016132760000,0x0000016132b50000] _byte_map_base: 0x000001613234d000

Marking Bits (Prev, Next): (CMBitMap*) 0x0000016118d94288, (CMBitMap*) 0x0000016118d942c0
 Prev Bits: [0x0000016132f40000, 0x0000016134ea8000)
 Next Bits: [0x0000016134eb0000, 0x0000016136e18000)

Polling page: 0x0000016118e40000

Metaspace:

Usage:
  Non-class:     18.06 MB capacity,    17.75 MB ( 98%) used,   255.54 KB (  1%) free+waste,    62.50 KB ( <1%) overhead. 
      Class:      2.46 MB capacity,     2.24 MB ( 91%) used,   194.65 KB (  8%) free+waste,    30.31 KB (  1%) overhead. 
       Both:     20.52 MB capacity,    19.99 MB ( 97%) used,   450.19 KB (  2%) free+waste,    92.81 KB ( <1%) overhead. 

Virtual space:
  Non-class space:       20.00 MB reserved,      18.25 MB ( 91%) committed 
      Class space:        1.00 GB reserved,       2.50 MB ( <1%) committed 
             Both:        1.02 GB reserved,      20.75 MB (  2%) committed 

Chunk freelists:
   Non-Class:  384 bytes
       Class:  1.00 KB
        Both:  1.38 KB

CodeHeap 'non-profiled nmethods': size=120000Kb used=3240Kb max_used=3240Kb free=116759Kb
 bounds [0x000001612a3d0000, 0x000001612a700000, 0x0000016131900000]
CodeHeap 'profiled nmethods': size=120000Kb used=8466Kb max_used=8466Kb free=111533Kb
 bounds [0x0000016122ea0000, 0x00000161236f0000, 0x000001612a3d0000]
CodeHeap 'non-nmethods': size=5760Kb used=1301Kb max_used=1368Kb free=4458Kb
 bounds [0x0000016122900000, 0x0000016122b70000, 0x0000016122ea0000]
 total_blobs=6527 nmethods=4266 adapters=621
 compilation: enabled
              stopped_count=0, restarted_count=0
 full_count=0

Compilation events (10 events):
Event: 54.871 Thread 0x0000016139918800 nmethod 4264 0x00000161236e4790 code [0x00000161236e4940, 0x00000161236e4a78]
Event: 54.935 Thread 0x0000016139918800 4265       1       javafx.stage.Stage::getStyle (5 bytes)
Event: 54.935 Thread 0x0000016139918800 nmethod 4265 0x000001612a6f6410 code [0x000001612a6f65c0, 0x000001612a6f66d8]
Event: 55.271 Thread 0x0000016139915800 4266   !   4       java.nio.DirectByteBuffer::<init> (145 bytes)
Event: 55.295 Thread 0x0000016139915800 nmethod 4266 0x000001612a6f6790 code [0x000001612a6f69c0, 0x000001612a6f77e8]
Event: 55.516 Thread 0x0000016139915800 4267       4       java.io.OutputStreamWriter::write (11 bytes)
Event: 55.528 Thread 0x0000016139915800 nmethod 4267 0x000001612a6f7f10 code [0x000001612a6f8100, 0x000001612a6f8b08]
Event: 55.716 Thread 0x0000016139915800 4268       4       com.sun.javafx.scene.shape.TextHelper::createPeerImpl (10 bytes)
Event: 55.733 Thread 0x0000016139915800 nmethod 4268 0x000001612a6f9490 code [0x000001612a6f9680, 0x000001612a6fa018]
Event: 56.782 Thread 0x0000016139915800 4269       4       com.sun.javafx.sg.prism.NGText::renderText (523 bytes)

GC Heap History (10 events):
Event: 8.269 GC heap before
{Heap before GC invocations=1 (full 0):
 garbage-first heap   total 129024K, used 84869K [0x0000000082600000, 0x0000000100000000)
  region size 1024K, 75 young (76800K), 3 survivors (3072K)
 Metaspace       used 20180K, capacity 20740K, committed 20992K, reserved 1067008K
  class space    used 2287K, capacity 2517K, committed 2560K, reserved 1048576K
}
Event: 8.277 GC heap after
{Heap after GC invocations=2 (full 0):
 garbage-first heap   total 129024K, used 13312K [0x0000000082600000, 0x0000000100000000)
  region size 1024K, 5 young (5120K), 5 survivors (5120K)
 Metaspace       used 20180K, capacity 20740K, committed 20992K, reserved 1067008K
  class space    used 2287K, capacity 2517K, committed 2560K, reserved 1048576K
}
Event: 14.664 GC heap before
{Heap before GC invocations=2 (full 0):
 garbage-first heap   total 129024K, used 84992K [0x0000000082600000, 0x0000000100000000)
  region size 1024K, 75 young (76800K), 5 survivors (5120K)
 Metaspace       used 20399K, capacity 20943K, committed 20992K, reserved 1067008K
  class space    used 2293K, capacity 2518K, committed 2560K, reserved 1048576K
}
Event: 14.670 GC heap after
{Heap after GC invocations=3 (full 0):
 garbage-first heap   total 129024K, used 13386K [0x0000000082600000, 0x0000000100000000)
  region size 1024K, 6 young (6144K), 6 survivors (6144K)
 Metaspace       used 20399K, capacity 20943K, committed 20992K, reserved 1067008K
  class space    used 2293K, capacity 2518K, committed 2560K, reserved 1048576K
}
Event: 24.680 GC heap before
{Heap before GC invocations=3 (full 0):
 garbage-first heap   total 129024K, used 84042K [0x0000000082600000, 0x0000000100000000)
  region size 1024K, 75 young (76800K), 6 survivors (6144K)
 Metaspace       used 20449K, capacity 21013K, committed 21248K, reserved 1069056K
  class space    used 2295K, capacity 2520K, committed 2560K, reserved 1048576K
}
Event: 24.688 GC heap after
{Heap after GC invocations=4 (full 0):
 garbage-first heap   total 129024K, used 14285K [0x0000000082600000, 0x0000000100000000)
  region size 1024K, 6 young (6144K), 6 survivors (6144K)
 Metaspace       used 20449K, capacity 21013K, committed 21248K, reserved 1069056K
  class space    used 2295K, capacity 2520K, committed 2560K, reserved 1048576K
}
Event: 35.479 GC heap before
{Heap before GC invocations=4 (full 0):
 garbage-first heap   total 129024K, used 84941K [0x0000000082600000, 0x0000000100000000)
  region size 1024K, 75 young (76800K), 6 survivors (6144K)
 Metaspace       used 20453K, capacity 21013K, committed 21248K, reserved 1069056K
  class space    used 2295K, capacity 2520K, committed 2560K, reserved 1048576K
}
Event: 35.491 GC heap after
{Heap after GC invocations=5 (full 0):
 garbage-first heap   total 129024K, used 14084K [0x0000000082600000, 0x0000000100000000)
  region size 1024K, 3 young (3072K), 3 survivors (3072K)
 Metaspace       used 20453K, capacity 21013K, committed 21248K, reserved 1069056K
  class space    used 2295K, capacity 2520K, committed 2560K, reserved 1048576K
}
Event: 46.755 GC heap before
{Heap before GC invocations=5 (full 0):
 garbage-first heap   total 129024K, used 87812K [0x0000000082600000, 0x0000000100000000)
  region size 1024K, 75 young (76800K), 3 survivors (3072K)
 Metaspace       used 20454K, capacity 21013K, committed 21248K, reserved 1069056K
  class space    used 2295K, capacity 2520K, committed 2560K, reserved 1048576K
}
Event: 46.759 GC heap after
{Heap after GC invocations=6 (full 0):
 garbage-first heap   total 129024K, used 13958K [0x0000000082600000, 0x0000000100000000)
  region size 1024K, 3 young (3072K), 3 survivors (3072K)
 Metaspace       used 20454K, capacity 21013K, committed 21248K, reserved 1069056K
  class space    used 2295K, capacity 2520K, committed 2560K, reserved 1048576K
}

Deoptimization events (10 events):
Event: 28.215 Thread 0x000001613b5ff000 Uncommon trap: reason=profile_predicate action=maybe_recompile pc=0x000001612a67209c method=java.util.AbstractCollection.addAll(Ljava/util/Collection;)Z @ 15 c2
Event: 28.231 Thread 0x000001613b5ff000 Uncommon trap: reason=profile_predicate action=maybe_recompile pc=0x000001612a67209c method=java.util.AbstractCollection.addAll(Ljava/util/Collection;)Z @ 15 c2
Event: 37.240 Thread 0x000001613b5ff000 Uncommon trap: reason=intrinsic_or_type_checked_inlining action=make_not_entrant pc=0x000001612a6b4b00 method=java.util.ArrayList.toArray([Ljava/lang/Object;)[Ljava/lang/Object; @ 36 c2
Event: 39.207 Thread 0x000001613a61b000 Uncommon trap: reason=unstable_if action=reinterpret pc=0x000001612a69d8f0 method=engine.Engine.updatePositionHeroes()V @ 228 c2
Event: 43.491 Thread 0x000001613a61b000 Uncommon trap: reason=unstable_if action=reinterpret pc=0x000001612a65a6f0 method=jdk.internal.math.FloatingDecimal$BinaryToASCIIBuffer.dtoa(IJIZ)V @ 97 c2
Event: 46.759 Thread 0x000001613a96b800 Uncommon trap: reason=unstable_if action=reinterpret pc=0x000001612a5eff08 method=java.nio.Bits.tryReserveMemory(JI)Z @ 29 c2
Event: 52.279 Thread 0x000001613b5ff000 Uncommon trap: reason=unstable_if action=reinterpret pc=0x000001612a662b18 method=javafx.scene.Parent.createCachedBounds(Ljava/util/List;)V @ 381 c2
Event: 55.663 Thread 0x000001613b5ff000 Uncommon trap: reason=unstable_if action=reinterpret pc=0x000001612a4cc4d0 method=javafx.beans.property.BooleanPropertyBase.markInvalid()V @ 4 c2
Event: 55.663 Thread 0x000001613b5ff000 Uncommon trap: reason=speculate_class_check action=maybe_recompile pc=0x000001612a631f3c method=javafx.scene.Node.doNotifyLayoutBoundsChanged()V @ 28 c2
Event: 55.663 Thread 0x000001613b5ff000 Uncommon trap: reason=speculate_class_check action=maybe_recompile pc=0x000001612a631f3c method=javafx.scene.Node.doNotifyLayoutBoundsChanged()V @ 28 c2

Classes redefined (0 events):
No events

Internal exceptions (10 events):
Event: 1.387 Thread 0x000001613b5ff000 Exception <a 'java/lang/NoSuchMethodError'{0x00000000897a92f8}: java.lang.invoke.Invokers$Holder.linkToTargetMethod(Ljava/lang/Object;JLjava/lang/Object;)Ljava/lang/Object;> (0x00000000897a92f8) thrown at [t:/workspace/open/src/hotspot/share/interpreter/l
Event: 1.402 Thread 0x000001613a96b800 Exception <a 'java/lang/NoSuchMethodError'{0x0000000089619660}: java.lang.invoke.DirectMethodHandle$Holder.invokeStaticInit(Ljava/lang/Object;Ljava/lang/Object;)I> (0x0000000089619660) thrown at [t:/workspace/open/src/hotspot/share/interpreter/linkResolve
Event: 2.702 Thread 0x000001613a96b800 Exception <a 'java/lang/NoSuchMethodError'{0x00000000894447b8}: java.lang.invoke.DirectMethodHandle$Holder.invokeStaticInit(Ljava/lang/Object;I)Ljava/lang/Object;> (0x00000000894447b8) thrown at [t:/workspace/open/src/hotspot/share/interpreter/linkResolve
Event: 7.910 Thread 0x000001613b5ff000 Implicit null exception at 0x000001612a41d6f7 to 0x000001612a41dc1a
Event: 7.910 Thread 0x000001613b5ff000 Implicit null exception at 0x000001612a41e1f4 to 0x000001612a41e742
Event: 8.025 Thread 0x000001613b5ff000 Exception <a 'java/lang/NoSuchMethodError'{0x0000000087093800}: java.lang.invoke.DirectMethodHandle$Holder.invokeSpecial(Ljava/lang/Object;Ljava/lang/Object;D)V> (0x0000000087093800) thrown at [t:/workspace/open/src/hotspot/share/interpreter/linkResolver.
Event: 8.025 Thread 0x000001613b5ff000 Exception <a 'java/lang/NoSuchMethodError'{0x00000000870995f0}: java.lang.invoke.DirectMethodHandle$Holder.invokeStatic(Ljava/lang/Object;Ljava/lang/Object;D)Ljava/lang/Object;> (0x00000000870995f0) thrown at [t:/workspace/open/src/hotspot/share/interpret
Event: 14.696 Thread 0x000001613b5ff000 Implicit null exception at 0x000001612a5d2e4c to 0x000001612a5d4558
Event: 14.966 Thread 0x000001613b5ff000 Implicit null exception at 0x000001612a606f30 to 0x000001612a6078f9
Event: 14.970 Thread 0x000001613a96b800 Implicit null exception at 0x000001612a5b470f to 0x000001612a5b4fc8

Events (10 events):
Event: 52.279 Thread 0x000001613b5ff000 DEOPT UNPACKING pc=0x0000016122928f2f sp=0x000000206f9fc0e8 mode 2
Event: 55.663 Thread 0x000001613b5ff000 Uncommon trap: trap_request=0xffffff4d fr.pc=0x000001612a4cc4d0 relative=0x00000000000000b0
Event: 55.663 Thread 0x000001613b5ff000 DEOPT PACKING pc=0x000001612a4cc4d0 sp=0x000000206f9fae00
Event: 55.663 Thread 0x000001613b5ff000 DEOPT UNPACKING pc=0x0000016122928f2f sp=0x000000206f9fad40 mode 2
Event: 55.663 Thread 0x000001613b5ff000 Uncommon trap: trap_request=0xffffff6e fr.pc=0x000001612a631f3c relative=0x00000000000005bc
Event: 55.663 Thread 0x000001613b5ff000 DEOPT PACKING pc=0x000001612a631f3c sp=0x000000206f9f8eb0
Event: 55.663 Thread 0x000001613b5ff000 DEOPT UNPACKING pc=0x0000016122928f2f sp=0x000000206f9f8cc0 mode 2
Event: 55.663 Thread 0x000001613b5ff000 Uncommon trap: trap_request=0xffffff6e fr.pc=0x000001612a631f3c relative=0x00000000000005bc
Event: 55.663 Thread 0x000001613b5ff000 DEOPT PACKING pc=0x000001612a631f3c sp=0x000000206f9f8eb0
Event: 55.663 Thread 0x000001613b5ff000 DEOPT UNPACKING pc=0x0000016122928f2f sp=0x000000206f9f8cc0 mode 2


Dynamic libraries:
0x00007ff7e4fd0000 - 0x00007ff7e5017000 	C:\Program Files\Java\jdk-11.0.6\bin\java.exe
0x00007ffca4950000 - 0x00007ffca4b46000 	C:\WINDOWS\SYSTEM32\ntdll.dll
0x00007ffca3810000 - 0x00007ffca38cd000 	C:\WINDOWS\System32\KERNEL32.DLL
0x00007ffca22c0000 - 0x00007ffca2589000 	C:\WINDOWS\System32\KERNELBASE.dll
0x00007ffca34a0000 - 0x00007ffca354c000 	C:\WINDOWS\System32\ADVAPI32.dll
0x00007ffca4810000 - 0x00007ffca48ae000 	C:\WINDOWS\System32\msvcrt.dll
0x00007ffca3d00000 - 0x00007ffca3d9c000 	C:\WINDOWS\System32\sechost.dll
0x00007ffca29b0000 - 0x00007ffca2adb000 	C:\WINDOWS\System32\RPCRT4.dll
0x00007ffca4500000 - 0x00007ffca46a0000 	C:\WINDOWS\System32\USER32.dll
0x00007ffca2930000 - 0x00007ffca2952000 	C:\WINDOWS\System32\win32u.dll
0x00007ffca3260000 - 0x00007ffca328a000 	C:\WINDOWS\System32\GDI32.dll
0x00007ffca2690000 - 0x00007ffca2799000 	C:\WINDOWS\System32\gdi32full.dll
0x00007ffca2090000 - 0x00007ffca212d000 	C:\WINDOWS\System32\msvcp_win.dll
0x00007ffca2590000 - 0x00007ffca2690000 	C:\WINDOWS\System32\ucrtbase.dll
0x00007ffc87dc0000 - 0x00007ffc8805b000 	C:\WINDOWS\WinSxS\amd64_microsoft.windows.common-controls_6595b64144ccf1df_6.0.19041.488_none_ca04af081b815d21\COMCTL32.dll
0x00007ffc9b020000 - 0x00007ffc9b02a000 	C:\WINDOWS\SYSTEM32\VERSION.dll
0x00007ffca37e0000 - 0x00007ffca3810000 	C:\WINDOWS\System32\IMM32.DLL
0x00007ffc7c9c0000 - 0x00007ffc7c9d6000 	C:\Program Files\Java\jdk-11.0.6\bin\vcruntime140.dll
0x00007ffc6b8e0000 - 0x00007ffc6b98a000 	C:\Program Files\Java\jdk-11.0.6\bin\msvcp140.dll
0x00007ffc30f40000 - 0x00007ffc31a69000 	C:\Program Files\Java\jdk-11.0.6\bin\server\jvm.dll
0x00007ffca3160000 - 0x00007ffca3168000 	C:\WINDOWS\System32\PSAPI.DLL
0x00007ffc94220000 - 0x00007ffc94247000 	C:\WINDOWS\SYSTEM32\WINMM.dll
0x00007ffc85e60000 - 0x00007ffc85e69000 	C:\WINDOWS\SYSTEM32\WSOCK32.dll
0x00007ffca3c90000 - 0x00007ffca3cfb000 	C:\WINDOWS\System32\WS2_32.dll
0x00007ffc9ffc0000 - 0x00007ffc9ffd2000 	C:\WINDOWS\SYSTEM32\kernel.appcore.dll
0x00007ffc7c3f0000 - 0x00007ffc7c401000 	C:\Program Files\Java\jdk-11.0.6\bin\verify.dll
0x00007ffc91460000 - 0x00007ffc91644000 	C:\WINDOWS\SYSTEM32\DBGHELP.DLL
0x00007ffc91250000 - 0x00007ffc9127c000 	C:\WINDOWS\SYSTEM32\dbgcore.DLL
0x00007ffca27a0000 - 0x00007ffca2820000 	C:\WINDOWS\System32\bcryptPrimitives.dll
0x00007ffc7bef0000 - 0x00007ffc7bf19000 	C:\Program Files\Java\jdk-11.0.6\bin\java.dll
0x00007ffc7bdd0000 - 0x00007ffc7bde6000 	C:\Program Files\Java\jdk-11.0.6\bin\zip.dll
0x00007ffc9dba0000 - 0x00007ffc9dbaa000 	C:\Program Files\Java\jdk-11.0.6\bin\jimage.dll
0x00007ffca3db0000 - 0x00007ffca44f2000 	C:\WINDOWS\System32\SHELL32.dll
0x00007ffca01c0000 - 0x00007ffca0955000 	C:\WINDOWS\SYSTEM32\windows.storage.dll
0x00007ffca38d0000 - 0x00007ffca3c26000 	C:\WINDOWS\System32\combase.dll
0x00007ffca1b00000 - 0x00007ffca1b2c000 	C:\WINDOWS\SYSTEM32\Wldp.dll
0x00007ffca3560000 - 0x00007ffca360e000 	C:\WINDOWS\System32\SHCORE.dll
0x00007ffca48b0000 - 0x00007ffca4905000 	C:\WINDOWS\System32\shlwapi.dll
0x00007ffca1fc0000 - 0x00007ffca1fe6000 	C:\WINDOWS\SYSTEM32\profapi.dll
0x00007ffc7bc40000 - 0x00007ffc7bc59000 	C:\Program Files\Java\jdk-11.0.6\bin\net.dll
0x00007ffc94580000 - 0x00007ffc94680000 	C:\WINDOWS\SYSTEM32\WINHTTP.dll
0x00007ffca1810000 - 0x00007ffca187a000 	C:\WINDOWS\system32\mswsock.dll
0x00007ffc7bbf0000 - 0x00007ffc7bc03000 	C:\Program Files\Java\jdk-11.0.6\bin\nio.dll
0x000001613be00000 - 0x000001613be03000 	C:\Games\javafx-sdk-15.0.1\bin\api-ms-win-core-console-l1-1-0.dll
0x000001613be10000 - 0x000001613be13000 	C:\Games\javafx-sdk-15.0.1\bin\api-ms-win-core-console-l1-2-0.dll
0x000001613be20000 - 0x000001613be23000 	C:\Games\javafx-sdk-15.0.1\bin\api-ms-win-core-datetime-l1-1-0.dll
0x000001613be30000 - 0x000001613be33000 	C:\Games\javafx-sdk-15.0.1\bin\api-ms-win-core-debug-l1-1-0.dll
0x000001613bf70000 - 0x000001613bf73000 	C:\Games\javafx-sdk-15.0.1\bin\api-ms-win-core-errorhandling-l1-1-0.dll
0x000001613bf80000 - 0x000001613bf84000 	C:\Games\javafx-sdk-15.0.1\bin\api-ms-win-core-file-l1-1-0.dll
0x000001613be40000 - 0x000001613be43000 	C:\Games\javafx-sdk-15.0.1\bin\api-ms-win-core-file-l1-2-0.dll
0x000001613be50000 - 0x000001613be53000 	C:\Games\javafx-sdk-15.0.1\bin\api-ms-win-core-file-l2-1-0.dll
0x000001613be60000 - 0x000001613be63000 	C:\Games\javafx-sdk-15.0.1\bin\api-ms-win-core-handle-l1-1-0.dll
0x000001613be70000 - 0x000001613be73000 	C:\Games\javafx-sdk-15.0.1\bin\api-ms-win-core-heap-l1-1-0.dll
0x000001613be80000 - 0x000001613be83000 	C:\Games\javafx-sdk-15.0.1\bin\api-ms-win-core-interlocked-l1-1-0.dll
0x000001613be90000 - 0x000001613be93000 	C:\Games\javafx-sdk-15.0.1\bin\api-ms-win-core-libraryloader-l1-1-0.dll
0x000001613bea0000 - 0x000001613bea3000 	C:\Games\javafx-sdk-15.0.1\bin\api-ms-win-core-localization-l1-2-0.dll
0x000001613beb0000 - 0x000001613beb3000 	C:\Games\javafx-sdk-15.0.1\bin\api-ms-win-core-memory-l1-1-0.dll
0x000001613bec0000 - 0x000001613bec3000 	C:\Games\javafx-sdk-15.0.1\bin\api-ms-win-core-namedpipe-l1-1-0.dll
0x000001613bed0000 - 0x000001613bed3000 	C:\Games\javafx-sdk-15.0.1\bin\api-ms-win-core-processenvironment-l1-1-0.dll
0x000001613bee0000 - 0x000001613bee3000 	C:\Games\javafx-sdk-15.0.1\bin\api-ms-win-core-processthreads-l1-1-0.dll
0x000001613bef0000 - 0x000001613bef3000 	C:\Games\javafx-sdk-15.0.1\bin\api-ms-win-core-processthreads-l1-1-1.dll
0x000001613bf00000 - 0x000001613bf03000 	C:\Games\javafx-sdk-15.0.1\bin\api-ms-win-core-profile-l1-1-0.dll
0x000001613bf10000 - 0x000001613bf13000 	C:\Games\javafx-sdk-15.0.1\bin\api-ms-win-core-rtlsupport-l1-1-0.dll
0x000001613bf20000 - 0x000001613bf23000 	C:\Games\javafx-sdk-15.0.1\bin\api-ms-win-core-string-l1-1-0.dll
0x000001613bf30000 - 0x000001613bf33000 	C:\Games\javafx-sdk-15.0.1\bin\api-ms-win-core-synch-l1-1-0.dll
0x000001613bf40000 - 0x000001613bf43000 	C:\Games\javafx-sdk-15.0.1\bin\api-ms-win-core-synch-l1-2-0.dll
0x000001613bf50000 - 0x000001613bf53000 	C:\Games\javafx-sdk-15.0.1\bin\api-ms-win-core-sysinfo-l1-1-0.dll
0x000001613bf60000 - 0x000001613bf63000 	C:\Games\javafx-sdk-15.0.1\bin\api-ms-win-core-timezone-l1-1-0.dll
0x000001613bf90000 - 0x000001613bf93000 	C:\Games\javafx-sdk-15.0.1\bin\api-ms-win-core-util-l1-1-0.dll
0x000001613bfa0000 - 0x000001613bfa3000 	C:\Games\javafx-sdk-15.0.1\bin\api-ms-win-crt-conio-l1-1-0.dll
0x000001613bfb0000 - 0x000001613bfb4000 	C:\Games\javafx-sdk-15.0.1\bin\api-ms-win-crt-convert-l1-1-0.dll
0x000001613bfc0000 - 0x000001613bfc3000 	C:\Games\javafx-sdk-15.0.1\bin\api-ms-win-crt-environment-l1-1-0.dll
0x000001613bfd0000 - 0x000001613bfd3000 	C:\Games\javafx-sdk-15.0.1\bin\api-ms-win-crt-filesystem-l1-1-0.dll
0x000001613bfe0000 - 0x000001613bfe3000 	C:\Games\javafx-sdk-15.0.1\bin\api-ms-win-crt-heap-l1-1-0.dll
0x000001613bff0000 - 0x000001613bff3000 	C:\Games\javafx-sdk-15.0.1\bin\api-ms-win-crt-locale-l1-1-0.dll
0x000001613c000000 - 0x000001613c005000 	C:\Games\javafx-sdk-15.0.1\bin\api-ms-win-crt-math-l1-1-0.dll
0x000001613c010000 - 0x000001613c015000 	C:\Games\javafx-sdk-15.0.1\bin\api-ms-win-crt-multibyte-l1-1-0.dll
0x000001613c020000 - 0x000001613c030000 	C:\Games\javafx-sdk-15.0.1\bin\api-ms-win-crt-private-l1-1-0.dll
0x000001613c030000 - 0x000001613c033000 	C:\Games\javafx-sdk-15.0.1\bin\api-ms-win-crt-process-l1-1-0.dll
0x000001613c040000 - 0x000001613c044000 	C:\Games\javafx-sdk-15.0.1\bin\api-ms-win-crt-runtime-l1-1-0.dll
0x000001613c050000 - 0x000001613c054000 	C:\Games\javafx-sdk-15.0.1\bin\api-ms-win-crt-stdio-l1-1-0.dll
0x000001613c060000 - 0x000001613c064000 	C:\Games\javafx-sdk-15.0.1\bin\api-ms-win-crt-string-l1-1-0.dll
0x000001613c070000 - 0x000001613c073000 	C:\Games\javafx-sdk-15.0.1\bin\api-ms-win-crt-time-l1-1-0.dll
0x000001613c080000 - 0x000001613c083000 	C:\Games\javafx-sdk-15.0.1\bin\api-ms-win-crt-utility-l1-1-0.dll
0x00007ffc6aaa0000 - 0x00007ffc6ab9c000 	C:\Games\javafx-sdk-15.0.1\bin\ucrtbase.dll
0x00007ffc7bbd0000 - 0x00007ffc7bbe5000 	C:\Games\javafx-sdk-15.0.1\bin\vcruntime140.dll
0x00007ffc89fa0000 - 0x00007ffc89fac000 	C:\Windows\System32\vcruntime140_1.dll
0x00007ffc6b570000 - 0x00007ffc6b60b000 	C:\Games\javafx-sdk-15.0.1\bin\msvcp140.dll
0x00007ffc71460000 - 0x00007ffc71483000 	C:\Games\javafx-sdk-15.0.1\bin\prism_d3d.dll
0x00007ffc70cb0000 - 0x00007ffc70e7f000 	C:\WINDOWS\system32\d3d9.dll
0x00007ffc9fde0000 - 0x00007ffc9fe0f000 	C:\WINDOWS\SYSTEM32\dwmapi.dll
0x00007ffc9fb00000 - 0x00007ffc9fb9e000 	C:\WINDOWS\system32\uxtheme.dll
0x00007ffc47450000 - 0x00007ffc4a535000 	C:\WINDOWS\System32\DriverStore\FileRepository\igdlh64.inf_amd64_b5d4c82c67b39358\igd9dxva64.dll
0x00007ffca3370000 - 0x00007ffca349a000 	C:\WINDOWS\System32\ole32.dll
0x00007ffca3190000 - 0x00007ffca325d000 	C:\WINDOWS\System32\OLEAUT32.dll
0x00007ffca1c80000 - 0x00007ffca1c92000 	C:\WINDOWS\SYSTEM32\msasn1.dll
0x00007ffc9aee0000 - 0x00007ffc9af11000 	C:\WINDOWS\SYSTEM32\cryptnet.dll
0x00007ffca2130000 - 0x00007ffca228d000 	C:\WINDOWS\System32\CRYPT32.dll
0x00007ffca1a00000 - 0x00007ffca1a0c000 	C:\WINDOWS\SYSTEM32\cryptbase.dll
0x00007ffca28d0000 - 0x00007ffca2930000 	C:\WINDOWS\System32\WINTRUST.DLL
0x00007ffca3170000 - 0x00007ffca318d000 	C:\WINDOWS\System32\imagehlp.dll
0x00007ffca19e0000 - 0x00007ffca19f8000 	C:\WINDOWS\SYSTEM32\CRYPTSP.dll
0x00007ffca1140000 - 0x00007ffca1174000 	C:\WINDOWS\system32\rsaenh.dll
0x00007ffca2290000 - 0x00007ffca22b7000 	C:\WINDOWS\System32\bcrypt.dll
0x00007ffc713e0000 - 0x00007ffc71425000 	C:\Games\javafx-sdk-15.0.1\bin\glass.dll
0x00007ffca3290000 - 0x00007ffca336b000 	C:\WINDOWS\System32\COMDLG32.dll
0x00007ffca3610000 - 0x00007ffca3726000 	C:\WINDOWS\System32\MSCTF.dll
0x00007ffc5efc0000 - 0x00007ffc5f0c5000 	C:\WINDOWS\System32\DriverStore\FileRepository\nvaci.inf_amd64_43d2ede2df31e0d6\nvldumdx.dll
0x00007ffc45800000 - 0x00007ffc47447000 	C:\WINDOWS\System32\DriverStore\FileRepository\nvaci.inf_amd64_43d2ede2df31e0d6\nvd3dumx.dll
0x00007ffc4ea90000 - 0x00007ffc4ed49000 	C:\WINDOWS\system32\nvspcap64.dll
0x00007ffca0db0000 - 0x00007ffca0de3000 	C:\WINDOWS\SYSTEM32\ntmarta.dll
0x00007ffca0970000 - 0x00007ffca0993000 	C:\WINDOWS\SYSTEM32\gpapi.dll
0x00007ffc99a90000 - 0x00007ffc99acb000 	C:\WINDOWS\SYSTEM32\dxcore.dll
0x00007ffca2960000 - 0x00007ffca29ae000 	C:\WINDOWS\System32\cfgmgr32.dll
0x00007ffc54580000 - 0x00007ffc54763000 	C:\WINDOWS\System32\DriverStore\FileRepository\igdlh64.inf_amd64_b5d4c82c67b39358\igdumdim64.dll
0x00007ffc95570000 - 0x00007ffc97310000 	C:\WINDOWS\System32\DriverStore\FileRepository\igdlh64.inf_amd64_b5d4c82c67b39358\igc64.dll
0x00007ffc711d0000 - 0x00007ffc711e4000 	C:\Games\javafx-sdk-15.0.1\bin\javafx_font.dll
0x00007ffc74070000 - 0x00007ffc742ef000 	C:\WINDOWS\SYSTEM32\dwrite.dll
0x00007ffca3730000 - 0x00007ffca37d9000 	C:\WINDOWS\System32\clbcatq.dll
0x00007ffc9b910000 - 0x00007ffc9bac4000 	C:\WINDOWS\SYSTEM32\WindowsCodecs.dll
0x00007ffc66890000 - 0x00007ffc668ce000 	C:\WINDOWS\system32\dataexchange.dll
0x00007ffc9de10000 - 0x00007ffc9e074000 	C:\WINDOWS\system32\d3d11.dll
0x00007ffc9ed40000 - 0x00007ffc9ef27000 	C:\WINDOWS\system32\dcomp.dll
0x00007ffca09c0000 - 0x00007ffca0ab3000 	C:\WINDOWS\system32\dxgi.dll
0x00007ffc9be70000 - 0x00007ffc9c078000 	C:\WINDOWS\system32\twinapi.appcore.dll
0x00007ffc700e0000 - 0x00007ffc70114000 	C:\Program Files\Common Files\Microsoft Shared\Ink\rtscom.dll
0x00007ffc8a7f0000 - 0x00007ffc8a8ed000 	C:\WINDOWS\SYSTEM32\textinputframework.dll
0x00007ffc9f610000 - 0x00007ffc9f702000 	C:\WINDOWS\System32\CoreMessaging.dll

dbghelp: loaded successfully - version: 4.0.5 - missing functions: none
symbol engine: initialized successfully - sym options: 0x614 - pdb path: .;C:\Program Files\Java\jdk-11.0.6\bin;C:\WINDOWS\SYSTEM32;C:\WINDOWS\WinSxS\amd64_microsoft.windows.common-controls_6595b64144ccf1df_6.0.19041.488_none_ca04af081b815d21;C:\Program Files\Java\jdk-11.0.6\bin\server;C:\Games\javafx-sdk-15.0.1\bin;C:\WINDOWS\System32\DriverStore\FileRepository\igdlh64.inf_amd64_b5d4c82c67b39358;C:\WINDOWS\System32\DriverStore\FileRepository\nvaci.inf_amd64_43d2ede2df31e0d6;C:\Program Files\Common Files\Microsoft Shared\Ink

VM Arguments:
jvm_args: --module-path=C:\Games\javafx-sdk-15.0.1\lib --add-modules=javafx.controls,javafx.media 
java_command: alpha.Main
java_class_path (initial): C:\Users\Oleg\eclipse-workspace\PacSquare\beans
Launcher Type: SUN_STANDARD

[Global flags]
     intx CICompilerCount                          = 4                                         {product} {ergonomic}
     uint ConcGCThreads                            = 2                                         {product} {ergonomic}
     uint G1ConcRefinementThreads                  = 8                                         {product} {ergonomic}
   size_t G1HeapRegionSize                         = 1048576                                   {product} {ergonomic}
    uintx GCDrainStackTargetSize                   = 64                                        {product} {ergonomic}
   size_t InitialHeapSize                          = 132120576                                 {product} {ergonomic}
   size_t MarkStackSize                            = 4194304                                   {product} {ergonomic}
   size_t MaxHeapSize                              = 2107637760                                {product} {ergonomic}
   size_t MaxNewSize                               = 1264582656                                {product} {ergonomic}
   size_t MinHeapDeltaBytes                        = 1048576                                   {product} {ergonomic}
    uintx NonNMethodCodeHeapSize                   = 5836300                                {pd product} {ergonomic}
    uintx NonProfiledCodeHeapSize                  = 122910970                              {pd product} {ergonomic}
    uintx ProfiledCodeHeapSize                     = 122910970                              {pd product} {ergonomic}
    uintx ReservedCodeCacheSize                    = 251658240                              {pd product} {ergonomic}
     bool SegmentedCodeCache                       = true                                      {product} {ergonomic}
     bool UseCompressedClassPointers               = true                                 {lp64_product} {ergonomic}
     bool UseCompressedOops                        = true                                 {lp64_product} {ergonomic}
     bool UseG1GC                                  = true                                      {product} {ergonomic}
     bool UseLargePagesIndividualAllocation        = false                                  {pd product} {ergonomic}

Logging:
Log output configuration:
 #0: stdout all=warning uptime,level,tags
 #1: stderr all=off uptime,level,tags

Environment Variables:
JAVA_HOME=C:\Program Files\AdoptOpenJDK\jdk-11.0.8.10-hotspot\
PATH=C:/Program Files/AdoptOpenJDK/jdk-11.0.8.10-hotspot/bin/client;C:/Program Files/AdoptOpenJDK/jdk-11.0.8.10-hotspot/bin;D:\Oculus\Support\oculus-runtime;C:\Python39\Scripts\;C:\Python39\;C:\Program Files\AdoptOpenJDK\jdk-11.0.8.10-hotspot\bin;C:\Program Files\AdoptOpenJDK\jdk-8.0.265.01-hotspot\bin;C:\Program Files (x86)\Common Files\Oracle\Java\javapath;C:\Program Files (x86)\Intel\Intel(R) Management Engine Components\iCLS\;C:\Program Files\Intel\Intel(R) Management Engine Components\iCLS\;C:\Windows\system32;C:\Windows;C:\Windows\System32\Wbem;C:\Windows\System32\WindowsPowerShell\v1.0\;C:\Program Files (x86)\Intel\Intel(R) Management Engine Components\DAL;C:\Program Files\Intel\Intel(R) Management Engine Components\DAL;C:\Program Files (x86)\Intel\Intel(R) Management Engine Components\IPT;C:\Program Files\Intel\Intel(R) Management Engine Components\IPT;C:\Program Files (x86)\NVIDIA Corporation\PhysX\Common;C:\Windows\System32\OpenSSH\;C:\Program Files\Intel\WiFi\bin\;C:\Program Files\Common Files\Intel\WirelessCommon\;C:\Program Files\Java\jdk-11.0.6\bin;C:\Program Files\PuTTY\;C:\Program Files\NVIDIA Corporation\NVIDIA NvDLISR;C:\WINDOWS\system32;C:\WINDOWS;C:\WINDOWS\System32\Wbem;C:\WINDOWS\System32\WindowsPowerShell\v1.0\;C:\WINDOWS\System32\OpenSSH\;C:\Program Files (x86)\Calibre2\;C:\Program Files\nodejs\;C:\ProgramData\chocolatey\bin;C:\Program Files\Git\cmd;C:\Program Files (x86)\Yarn\bin\;C:\Users\Oleg\AppData\Local\python2\scripts;C:\Users\Oleg\AppData\Local\python2;C:\Users\Oleg\AppData\Local\python2\scripts;C:\Users\Oleg\AppData\Local\python2;C:\Users\Oleg\AppData\Local\python2\scripts;C:\Users\Oleg\AppData\Local\python2;C:\Ruby27-x64\bin;C:\Users\Oleg\AppData\Local\Microsoft\WindowsApps;C:\Program Files\Intel\WiFi\bin\;C:\Program Files\Common Files\Intel\WirelessCommon\;C:\Program Files\Java\jdk-11.0.6\bin;C:\Users\Oleg\AppData\Local\Programs\Microsoft VS Code\bin;C:\Users\Oleg\AppData\Roaming\npm;C:\Users\Oleg\AppData\Local\Android\Sdk;C:\Users\Ol
USERNAME=Oleg
OS=Windows_NT
PROCESSOR_IDENTIFIER=Intel64 Family 6 Model 158 Stepping 10, GenuineIntel



---------------  S Y S T E M  ---------------

OS: Windows 10 , 64 bit Build 19041 (10.0.19041.662)

CPU:total 8 (initial active 8) (4 cores per cpu, 2 threads per core) family 6 model 158 stepping 10, cmov, cx8, fxsr, mmx, sse, sse2, sse3, ssse3, sse4.1, sse4.2, popcnt, avx, avx2, aes, clmul, erms, 3dnowpref, lzcnt, ht, tsc, tscinvbit, bmi1, bmi2, adx, fma

Memory: 4k page, system-wide physical 8034M (692M free)
TotalPageFile size 18536M (AvailPageFile size 2842M)
current process WorkingSet (physical memory assigned to process): 213M, peak: 238M
current process commit charge ("private bytes"): 382M, peak: 409M

vm_info: Java HotSpot(TM) 64-Bit Server VM (11.0.6+8-LTS) for windows-amd64 JRE (11.0.6+8-LTS), built on Dec 11 2019 09:17:57 by "mach5one" with MS VC++ 15.5 (VS2017)

END.
