#
# A fatal error has been detected by the Java Runtime Environment:
#
#  EXCEPTION_ACCESS_VIOLATION (0xc0000005) at pc=0x00007ffc310e9ea6, pid=21824, tid=13476
#
# JRE version: Java(TM) SE Runtime Environment (11.0.6+8) (build 11.0.6+8-LTS)
# Java VM: Java HotSpot(TM) 64-Bit Server VM (11.0.6+8-LTS, mixed mode, tiered, compressed oops, g1 gc, windows-amd64)
# Problematic frame:
# V  [jvm.dll+0x1a9ea6]
#
# No core dump will be written. Minidumps are not enabled by default on client versions of Windows
#
# If you would like to submit a bug report, please visit:
#   http://bugreport.java.com/bugreport/crash.jsp
#

---------------  S U M M A R Y ------------

Command Line: --module-path=C:\Games\javafx-sdk-15.0.1\lib --add-modules=javafx.controls,javafx.media alpha.Main

Host: Intel(R) Core(TM) i5-8300H CPU @ 2.30GHz, 8 cores, 7G,  Windows 10 , 64 bit Build 19041 (10.0.19041.662)
Time: Wed Jan 27 22:27:35 2021 Romance Standard Time elapsed time: 14 seconds (0d 0h 0m 14s)

---------------  T H R E A D  ---------------

Current thread (0x000001bfba706800):  JavaThread "C2 CompilerThread0" daemon [_thread_in_native, id=13476, stack(0x00000004fb800000,0x00000004fb900000)]


Current CompileTask:
C2:  14123 3914       4       javafx.scene.effect.Lighting::update (160 bytes)

Stack: [0x00000004fb800000,0x00000004fb900000],  sp=0x00000004fb8fbda0,  free space=1007k
Native frames: (J=compiled Java code, j=interpreted, Vv=VM code, C=native code)
V  [jvm.dll+0x1a9ea6]
V  [jvm.dll+0x1a96f4]
V  [jvm.dll+0x1a91a4]
V  [jvm.dll+0x218462]
V  [jvm.dll+0x2174fa]
V  [jvm.dll+0x193a2c]
V  [jvm.dll+0x226544]
V  [jvm.dll+0x224b28]
V  [jvm.dll+0x73a9c5]
V  [jvm.dll+0x733905]
V  [jvm.dll+0x635846]
C  [ucrtbase.dll+0x214c2]
C  [KERNEL32.DLL+0x17034]
C  [ntdll.dll+0x4d0d1]


siginfo: EXCEPTION_ACCESS_VIOLATION (0xc0000005), reading address 0x000001c150c39f1c


Register to memory mapping:

RIP=0x00007ffc310e9ea6 jvm.dll
RAX=0x00000000656a624f is an unknown value
RBX=0x000001bfc8fd8040 points into unknown readable memory: e8 57 67 db 98 c9 e9 3e
RCX=0x00000000656a624f is an unknown value
RDX=0x000001bfbb1a15e0 points into unknown readable memory: 00 00 00 00 01 00 00 00
RSP=0x00000004fb8fbda0 is pointing into the stack for thread: 0x000001bfba706800
RBP=0x0 is NULL
RSI=0x000001bfc8fd8040 points into unknown readable memory: e8 57 67 db 98 c9 e9 3e
RDI=0x00000004fb8fc3b0 is pointing into the stack for thread: 0x000001bfba706800
R8 =0x0 is NULL
R9 =0x00000000656a624f is an unknown value
R10=0x0000000000004000 is an unknown value
R11=0x000001bfc8fd8078 points into unknown readable memory: 00 00 00 00 00 00 00 00
R12=0x00007ffc30f40000 jvm.dll
R13=0x000000000000752f is an unknown value
R14=0x0000000000085020 is an unknown value
R15=
[error occurred during error reporting (printing register info), id 0xc0000005, EXCEPTION_ACCESS_VIOLATION (0xc0000005) at pc=0x00007ffc31232f56]

Registers:
RAX=0x00000000656a624f, RBX=0x000001bfc8fd8040, RCX=0x00000000656a624f, RDX=0x000001bfbb1a15e0
RSP=0x00000004fb8fbda0, RBP=0x0000000000000000, RSI=0x000001bfc8fd8040, RDI=0x00000004fb8fc3b0
R8 =0x0000000000000000, R9 =0x00000000656a624f, R10=0x0000000000004000, R11=0x000001bfc8fd8078
R12=0x00007ffc30f40000, R13=0x000000000000752f, R14=0x0000000000085020, R15=0x00000000ffffffff
RIP=0x00007ffc310e9ea6, EFLAGS=0x0000000000010202

Top of Stack: (sp=0x00000004fb8fbda0)
0x00000004fb8fbda0:   0000000000000d4d 00007ffc312ade00
0x00000004fb8fbdb0:   000001bfbe0b7320 00000004fb8fc000
0x00000004fb8fbdc0:   0000000000000000 0000000000000000
0x00000004fb8fbdd0:   00000d5100000000 0000000000000008
0x00000004fb8fbde0:   000001bfbbd04500 0000000000000017
0x00000004fb8fbdf0:   000001bfbd809df0 00007ffc312b2744
0x00000004fb8fbe00:   000001bfbe0b73c0 0000000000000000
0x00000004fb8fbe10:   00000000ffffffff 0000000000085020
0x00000004fb8fbe20:   ffffffffffffff60 00007ffc310e96f4
0x00000004fb8fbe30:   000001bfc8fd8040 00000004fb8fc3b0
0x00000004fb8fbe40:   00000004fb8fc3b0 0000000000000000
0x00000004fb8fbe50:   00000d5100000000 00007ffc00000008
0x00000004fb8fbe60:   000001bfbbd04500 00007ffc00000017
0x00000004fb8fbe70:   000001bfbd809df0 0000000000000017
0x00000004fb8fbe80:   000001bfbe0b73c0 0000000000000000
0x00000004fb8fbe90:   0000000000000000 0000000000000000 

Instructions: (pc=0x00007ffc310e9ea6)
0x00007ffc310e9e86:   48 8b f2 48 8b 91 08 01 00 00 41 8b e8 48 8b f9
0x00007ffc310e9e96:   46 8b 0c 92 45 3b ca 74 3b 90 41 8b c9 49 63 c1
0x00007ffc310e9ea6:   44 8b 0c 82 44 3b c9 75 f1 45 3b d1 74 23 0f 1f
0x00007ffc310e9eb6:   40 00 0f 1f 84 00 00 00 00 00 48 8b 87 08 01 00 


Stack slot to memory mapping:
stack at sp + 0 slots: 0x0000000000000d4d is an unknown value
stack at sp + 1 slots: 0x00007ffc312ade00 jvm.dll
stack at sp + 2 slots: 0x000001bfbe0b7320 points into unknown readable memory: 07 00 00 00 f1 fe af 3f
stack at sp + 3 slots: 0x00000004fb8fc000 is pointing into the stack for thread: 0x000001bfba706800
stack at sp + 4 slots: 0x0 is NULL
stack at sp + 5 slots: 0x0 is NULL
stack at sp + 6 slots: 0x00000d5100000000 is an unknown value
stack at sp + 7 slots: 0x0000000000000008 is an unknown value


---------------  P R O C E S S  ---------------

Threads class SMR info:
_java_thread_list=0x000001bfc890c470, length=27, elements={
0x000001bf9b364000, 0x000001bfba6de000, 0x000001bfba6e7000, 0x000001bfba702800,
0x000001bfba703800, 0x000001bfba706800, 0x000001bfba716000, 0x000001bfba717800,
0x000001bfbb1db800, 0x000001bfbbb81800, 0x000001bfbbd40000, 0x000001bfbbe2b000,
0x000001bf9992e000, 0x000001bfbb363800, 0x000001bfbc91c800, 0x000001bfbc922000,
0x000001bfbd34a800, 0x000001bfbc4c2000, 0x000001bfbc4c7000, 0x000001bfbc4c0800,
0x000001bfbc4c2800, 0x000001bfc8ba0000, 0x000001bfc8b9b800, 0x000001bfc8b9f800,
0x000001bfc8b9e800, 0x000001bfc8ba2000, 0x000001bfc8ba1000
}

Java Threads: ( => current thread )
  0x000001bf9b364000 JavaThread "main" [_thread_blocked, id=23052, stack(0x00000004fad00000,0x00000004fae00000)]
  0x000001bfba6de000 JavaThread "Reference Handler" daemon [_thread_blocked, id=28804, stack(0x00000004fb400000,0x00000004fb500000)]
  0x000001bfba6e7000 JavaThread "Finalizer" daemon [_thread_blocked, id=24980, stack(0x00000004fb500000,0x00000004fb600000)]
  0x000001bfba702800 JavaThread "Signal Dispatcher" daemon [_thread_blocked, id=26900, stack(0x00000004fb600000,0x00000004fb700000)]
  0x000001bfba703800 JavaThread "Attach Listener" daemon [_thread_blocked, id=28516, stack(0x00000004fb700000,0x00000004fb800000)]
=>0x000001bfba706800 JavaThread "C2 CompilerThread0" daemon [_thread_in_native, id=13476, stack(0x00000004fb800000,0x00000004fb900000)]
  0x000001bfba716000 JavaThread "C1 CompilerThread0" daemon [_thread_blocked, id=18248, stack(0x00000004fb900000,0x00000004fba00000)]
  0x000001bfba717800 JavaThread "Sweeper thread" daemon [_thread_blocked, id=1928, stack(0x00000004fba00000,0x00000004fbb00000)]
  0x000001bfbb1db800 JavaThread "Common-Cleaner" daemon [_thread_blocked, id=25456, stack(0x00000004fbb00000,0x00000004fbc00000)]
  0x000001bfbbb81800 JavaThread "Service Thread" daemon [_thread_blocked, id=25436, stack(0x00000004fbe00000,0x00000004fbf00000)]
  0x000001bfbbd40000 JavaThread "QuantumRenderer-0" daemon [_thread_in_native, id=15404, stack(0x00000004fc000000,0x00000004fc100000)]
  0x000001bfbbe2b000 JavaThread "InvokeLaterDispatcher" daemon [_thread_blocked, id=16660, stack(0x00000004fc200000,0x00000004fc300000)]
  0x000001bf9992e000 JavaThread "JavaFX Application Thread" [_thread_in_native, id=29180, stack(0x00000004fc300000,0x00000004fc400000)]
  0x000001bfbb363800 JavaThread "Thread-1" daemon [_thread_in_native, id=24700, stack(0x00000004fbc00000,0x00000004fbd00000)]
  0x000001bfbc91c800 JavaThread "Timer-0" [_thread_blocked, id=24632, stack(0x00000004fbd00000,0x00000004fbe00000)]
  0x000001bfbc922000 JavaThread "JavaFX-Launcher" [_thread_blocked, id=26472, stack(0x00000004fc600000,0x00000004fc700000)]
  0x000001bfbd34a800 JavaThread "Prism Font Disposer" daemon [_thread_blocked, id=28148, stack(0x00000004fce00000,0x00000004fcf00000)]
  0x000001bfbc4c2000 JavaThread "Media Resource Disposer" daemon [_thread_blocked, id=29448, stack(0x00000004fdb00000,0x00000004fdc00000)]
  0x000001bfbc4c7000 JavaThread "Timer-2" daemon [_thread_blocked, id=29020, stack(0x00000004fe700000,0x00000004fe800000)]
  0x000001bfbc4c0800 JavaThread "Timer-3" daemon [_thread_blocked, id=19148, stack(0x00000004fdc00000,0x00000004fdd00000)]
  0x000001bfbc4c2800 JavaThread "Timer-4" daemon [_thread_blocked, id=20852, stack(0x00000004fef00000,0x00000004ff000000)]
  0x000001bfc8ba0000 JavaThread "Timer-5" daemon [_thread_blocked, id=26152, stack(0x00000004ff500000,0x00000004ff600000)]
  0x000001bfc8b9b800 JavaThread "Timer-6" daemon [_thread_blocked, id=28268, stack(0x00000004ffc00000,0x00000004ffd00000)]
  0x000001bfc8b9f800 JavaThread "JFXMedia Player EventQueueThread" daemon [_thread_blocked, id=22900, stack(0x00000004fd700000,0x00000004fd800000)]
  0x000001bfc8b9e800 JavaThread "Timer-7" daemon [_thread_blocked, id=14784, stack(0x00000004fe200000,0x00000004fe300000)]
  0x000001bfc8ba2000 JavaThread "JFXMedia Player EventQueueThread" daemon [_thread_blocked, id=16336, stack(0x00000004fda00000,0x00000004fdb00000)]
  0x000001bfc8ba1000 JavaThread "Timer-8" daemon [_thread_blocked, id=28792, stack(0x00000004fe600000,0x00000004fe700000)]

Other Threads:
  0x000001bfba6bb800 VMThread "VM Thread" [stack: 0x00000004fb300000,0x00000004fb400000] [id=17900]
  0x000001bfbb85f800 WatcherThread [stack: 0x00000004fbf00000,0x00000004fc000000] [id=13552]
  0x000001bf9b37a800 GCTaskThread "GC Thread#0" [stack: 0x00000004fae00000,0x00000004faf00000] [id=27744]
  0x000001bfbc0a2800 GCTaskThread "GC Thread#1" [stack: 0x00000004fc700000,0x00000004fc800000] [id=27968]
  0x000001bfbc0a3000 GCTaskThread "GC Thread#2" [stack: 0x00000004fc800000,0x00000004fc900000] [id=28280]
  0x000001bfbc09f800 GCTaskThread "GC Thread#3" [stack: 0x00000004fc900000,0x00000004fca00000] [id=27888]
  0x000001bfbc0a4000 GCTaskThread "GC Thread#4" [stack: 0x00000004fca00000,0x00000004fcb00000] [id=22296]
  0x000001bfbc0a0000 GCTaskThread "GC Thread#5" [stack: 0x00000004fcb00000,0x00000004fcc00000] [id=5868]
  0x000001bfbc0a1000 GCTaskThread "GC Thread#6" [stack: 0x00000004fcc00000,0x00000004fcd00000] [id=24524]
  0x000001bfbc0a1800 GCTaskThread "GC Thread#7" [stack: 0x00000004fcd00000,0x00000004fce00000] [id=8776]
  0x000001bf9b3aa000 ConcurrentGCThread "G1 Main Marker" [stack: 0x00000004faf00000,0x00000004fb000000] [id=19268]
  0x000001bf9b3ad800 ConcurrentGCThread "G1 Conc#0" [stack: 0x00000004fb000000,0x00000004fb100000] [id=23676]
  0x000001bf9b440800 ConcurrentGCThread "G1 Refine#0" [stack: 0x00000004fb100000,0x00000004fb200000] [id=27784]
  0x000001bfba530800 ConcurrentGCThread "G1 Young RemSet Sampling" [stack: 0x00000004fb200000,0x00000004fb300000] [id=27112]

Threads with active compile tasks:
C2 CompilerThread03914       4       javafx.scene.effect.Lighting::update (160 bytes)

VM state:not at safepoint (normal execution)

VM Mutex/Monitor currently owned by a thread: None

Heap address: 0x0000000082600000, size: 2010 MB, Compressed Oops mode: 32-bit
Narrow klass base: 0x0000000000000000, Narrow klass shift: 3
Compressed class space size: 1073741824 Address: 0x0000000100000000

Heap:
 garbage-first heap   total 129024K, used 54272K [0x0000000082600000, 0x0000000100000000)
  region size 1024K, 46 young (47104K), 5 survivors (5120K)
 Metaspace       used 20427K, capacity 20946K, committed 20992K, reserved 1067008K
  class space    used 2298K, capacity 2518K, committed 2560K, reserved 1048576K
Heap Regions: E=young(eden), S=young(survivor), O=old, HS=humongous(starts), HC=humongous(continues), CS=collection set, F=free, A=archive, TAMS=top-at-mark-start (previous, next)
|   0|0x0000000082600000, 0x0000000082700000, 0x0000000082700000|100%|HS|  |TAMS 0x0000000082600000, 0x0000000082600000| Complete 
|   1|0x0000000082700000, 0x0000000082800000, 0x0000000082800000|100%|HS|  |TAMS 0x0000000082700000, 0x0000000082700000| Complete 
|   2|0x0000000082800000, 0x0000000082900000, 0x0000000082900000|100%|HS|  |TAMS 0x0000000082800000, 0x0000000082800000| Complete 
|   3|0x0000000082900000, 0x0000000082a00000, 0x0000000082a00000|100%|HS|  |TAMS 0x0000000082900000, 0x0000000082900000| Complete 
|   4|0x0000000082a00000, 0x0000000082b00000, 0x0000000082b00000|100%|HS|  |TAMS 0x0000000082a00000, 0x0000000082a00000| Complete 
|   5|0x0000000082b00000, 0x0000000082c00000, 0x0000000082c00000|100%|HC|  |TAMS 0x0000000082b00000, 0x0000000082b00000| Complete 
|   6|0x0000000082c00000, 0x0000000082d00000, 0x0000000082d00000|100%|HC|  |TAMS 0x0000000082c00000, 0x0000000082c00000| Complete 
|   7|0x0000000082d00000, 0x0000000082e00000, 0x0000000082e00000|100%|HC|  |TAMS 0x0000000082d00000, 0x0000000082d00000| Complete 
|   8|0x0000000082e00000, 0x0000000082e00000, 0x0000000082f00000|  0%| F|  |TAMS 0x0000000082e00000, 0x0000000082e00000| Untracked 
|   9|0x0000000082f00000, 0x0000000082f00000, 0x0000000083000000|  0%| F|  |TAMS 0x0000000082f00000, 0x0000000082f00000| Untracked 
|  10|0x0000000083000000, 0x0000000083000000, 0x0000000083100000|  0%| F|  |TAMS 0x0000000083000000, 0x0000000083000000| Untracked 
|  11|0x0000000083100000, 0x0000000083100000, 0x0000000083200000|  0%| F|  |TAMS 0x0000000083100000, 0x0000000083100000| Untracked 
|  12|0x0000000083200000, 0x0000000083200000, 0x0000000083300000|  0%| F|  |TAMS 0x0000000083200000, 0x0000000083200000| Untracked 
|  13|0x0000000083300000, 0x0000000083300000, 0x0000000083400000|  0%| F|  |TAMS 0x0000000083300000, 0x0000000083300000| Untracked 
|  14|0x0000000083400000, 0x0000000083400000, 0x0000000083500000|  0%| F|  |TAMS 0x0000000083400000, 0x0000000083400000| Untracked 
|  15|0x0000000083500000, 0x0000000083500000, 0x0000000083600000|  0%| F|  |TAMS 0x0000000083500000, 0x0000000083500000| Untracked 
|  16|0x0000000083600000, 0x0000000083600000, 0x0000000083700000|  0%| F|  |TAMS 0x0000000083600000, 0x0000000083600000| Untracked 
|  17|0x0000000083700000, 0x0000000083700000, 0x0000000083800000|  0%| F|  |TAMS 0x0000000083700000, 0x0000000083700000| Untracked 
|  18|0x0000000083800000, 0x0000000083800000, 0x0000000083900000|  0%| F|  |TAMS 0x0000000083800000, 0x0000000083800000| Untracked 
|  19|0x0000000083900000, 0x0000000083900000, 0x0000000083a00000|  0%| F|  |TAMS 0x0000000083900000, 0x0000000083900000| Untracked 
|  20|0x0000000083a00000, 0x0000000083a00000, 0x0000000083b00000|  0%| F|  |TAMS 0x0000000083a00000, 0x0000000083a00000| Untracked 
|  21|0x0000000083b00000, 0x0000000083b00000, 0x0000000083c00000|  0%| F|  |TAMS 0x0000000083b00000, 0x0000000083b00000| Untracked 
|  22|0x0000000083c00000, 0x0000000083c00000, 0x0000000083d00000|  0%| F|  |TAMS 0x0000000083c00000, 0x0000000083c00000| Untracked 
|  23|0x0000000083d00000, 0x0000000083d00000, 0x0000000083e00000|  0%| F|  |TAMS 0x0000000083d00000, 0x0000000083d00000| Untracked 
|  24|0x0000000083e00000, 0x0000000083e00000, 0x0000000083f00000|  0%| F|  |TAMS 0x0000000083e00000, 0x0000000083e00000| Untracked 
|  25|0x0000000083f00000, 0x0000000083f00000, 0x0000000084000000|  0%| F|  |TAMS 0x0000000083f00000, 0x0000000083f00000| Untracked 
|  26|0x0000000084000000, 0x0000000084000000, 0x0000000084100000|  0%| F|  |TAMS 0x0000000084000000, 0x0000000084000000| Untracked 
|  27|0x0000000084100000, 0x0000000084100000, 0x0000000084200000|  0%| F|  |TAMS 0x0000000084100000, 0x0000000084100000| Untracked 
|  28|0x0000000084200000, 0x0000000084200000, 0x0000000084300000|  0%| F|  |TAMS 0x0000000084200000, 0x0000000084200000| Untracked 
|  29|0x0000000084300000, 0x0000000084300000, 0x0000000084400000|  0%| F|  |TAMS 0x0000000084300000, 0x0000000084300000| Untracked 
|  30|0x0000000084400000, 0x0000000084400000, 0x0000000084500000|  0%| F|  |TAMS 0x0000000084400000, 0x0000000084400000| Untracked 
|  31|0x0000000084500000, 0x0000000084500000, 0x0000000084600000|  0%| F|  |TAMS 0x0000000084500000, 0x0000000084500000| Untracked 
|  32|0x0000000084600000, 0x0000000084600000, 0x0000000084700000|  0%| F|  |TAMS 0x0000000084600000, 0x0000000084600000| Untracked 
|  33|0x0000000084700000, 0x0000000084700000, 0x0000000084800000|  0%| F|  |TAMS 0x0000000084700000, 0x0000000084700000| Untracked 
|  34|0x0000000084800000, 0x0000000084800000, 0x0000000084900000|  0%| F|  |TAMS 0x0000000084800000, 0x0000000084800000| Untracked 
|  35|0x0000000084900000, 0x0000000084900000, 0x0000000084a00000|  0%| F|  |TAMS 0x0000000084900000, 0x0000000084900000| Untracked 
|  36|0x0000000084a00000, 0x0000000084a00000, 0x0000000084b00000|  0%| F|  |TAMS 0x0000000084a00000, 0x0000000084a00000| Untracked 
|  37|0x0000000084b00000, 0x0000000084b00000, 0x0000000084c00000|  0%| F|  |TAMS 0x0000000084b00000, 0x0000000084b00000| Untracked 
|  38|0x0000000084c00000, 0x0000000084c00000, 0x0000000084d00000|  0%| F|  |TAMS 0x0000000084c00000, 0x0000000084c00000| Untracked 
|  39|0x0000000084d00000, 0x0000000084d00000, 0x0000000084e00000|  0%| F|  |TAMS 0x0000000084d00000, 0x0000000084d00000| Untracked 
|  40|0x0000000084e00000, 0x0000000084e00000, 0x0000000084f00000|  0%| F|  |TAMS 0x0000000084e00000, 0x0000000084e00000| Untracked 
|  41|0x0000000084f00000, 0x0000000084f00000, 0x0000000085000000|  0%| F|  |TAMS 0x0000000084f00000, 0x0000000084f00000| Untracked 
|  42|0x0000000085000000, 0x0000000085000000, 0x0000000085100000|  0%| F|  |TAMS 0x0000000085000000, 0x0000000085000000| Untracked 
|  43|0x0000000085100000, 0x0000000085100000, 0x0000000085200000|  0%| F|  |TAMS 0x0000000085100000, 0x0000000085100000| Untracked 
|  44|0x0000000085200000, 0x0000000085200000, 0x0000000085300000|  0%| F|  |TAMS 0x0000000085200000, 0x0000000085200000| Untracked 
|  45|0x0000000085300000, 0x0000000085300000, 0x0000000085400000|  0%| F|  |TAMS 0x0000000085300000, 0x0000000085300000| Untracked 
|  46|0x0000000085400000, 0x0000000085400000, 0x0000000085500000|  0%| F|  |TAMS 0x0000000085400000, 0x0000000085400000| Untracked 
|  47|0x0000000085500000, 0x0000000085500000, 0x0000000085600000|  0%| F|  |TAMS 0x0000000085500000, 0x0000000085500000| Untracked 
|  48|0x0000000085600000, 0x0000000085600000, 0x0000000085700000|  0%| F|  |TAMS 0x0000000085600000, 0x0000000085600000| Untracked 
|  49|0x0000000085700000, 0x0000000085700000, 0x0000000085800000|  0%| F|  |TAMS 0x0000000085700000, 0x0000000085700000| Untracked 
|  50|0x0000000085800000, 0x0000000085800000, 0x0000000085900000|  0%| F|  |TAMS 0x0000000085800000, 0x0000000085800000| Untracked 
|  51|0x0000000085900000, 0x0000000085a00000, 0x0000000085a00000|100%| S|CS|TAMS 0x0000000085900000, 0x0000000085900000| Complete 
|  52|0x0000000085a00000, 0x0000000085b00000, 0x0000000085b00000|100%| S|CS|TAMS 0x0000000085a00000, 0x0000000085a00000| Complete 
|  53|0x0000000085b00000, 0x0000000085c00000, 0x0000000085c00000|100%| S|CS|TAMS 0x0000000085b00000, 0x0000000085b00000| Complete 
|  54|0x0000000085c00000, 0x0000000085d00000, 0x0000000085d00000|100%| S|CS|TAMS 0x0000000085c00000, 0x0000000085c00000| Complete 
|  55|0x0000000085d00000, 0x0000000085e00000, 0x0000000085e00000|100%| S|CS|TAMS 0x0000000085d00000, 0x0000000085d00000| Complete 
|  56|0x0000000085e00000, 0x0000000085e00000, 0x0000000085f00000|  0%| F|  |TAMS 0x0000000085e00000, 0x0000000085e00000| Untracked 
|  57|0x0000000085f00000, 0x0000000085f00000, 0x0000000086000000|  0%| F|  |TAMS 0x0000000085f00000, 0x0000000085f00000| Untracked 
|  58|0x0000000086000000, 0x0000000086000000, 0x0000000086100000|  0%| F|  |TAMS 0x0000000086000000, 0x0000000086000000| Untracked 
|  59|0x0000000086100000, 0x0000000086100000, 0x0000000086200000|  0%| F|  |TAMS 0x0000000086100000, 0x0000000086100000| Untracked 
|  60|0x0000000086200000, 0x0000000086200000, 0x0000000086300000|  0%| F|  |TAMS 0x0000000086200000, 0x0000000086200000| Untracked 
|  61|0x0000000086300000, 0x0000000086300000, 0x0000000086400000|  0%| F|  |TAMS 0x0000000086300000, 0x0000000086300000| Untracked 
|  62|0x0000000086400000, 0x0000000086400000, 0x0000000086500000|  0%| F|  |TAMS 0x0000000086400000, 0x0000000086400000| Untracked 
|  63|0x0000000086500000, 0x0000000086500000, 0x0000000086600000|  0%| F|  |TAMS 0x0000000086500000, 0x0000000086500000| Untracked 
|  64|0x0000000086600000, 0x0000000086600000, 0x0000000086700000|  0%| F|  |TAMS 0x0000000086600000, 0x0000000086600000| Untracked 
|  65|0x0000000086700000, 0x0000000086700000, 0x0000000086800000|  0%| F|  |TAMS 0x0000000086700000, 0x0000000086700000| Untracked 
|  66|0x0000000086800000, 0x0000000086800000, 0x0000000086900000|  0%| F|  |TAMS 0x0000000086800000, 0x0000000086800000| Untracked 
|  67|0x0000000086900000, 0x0000000086900000, 0x0000000086a00000|  0%| F|  |TAMS 0x0000000086900000, 0x0000000086900000| Untracked 
|  68|0x0000000086a00000, 0x0000000086a00000, 0x0000000086b00000|  0%| F|  |TAMS 0x0000000086a00000, 0x0000000086a00000| Untracked 
|  69|0x0000000086b00000, 0x0000000086b00000, 0x0000000086c00000|  0%| F|  |TAMS 0x0000000086b00000, 0x0000000086b00000| Untracked 
|  70|0x0000000086c00000, 0x0000000086c00000, 0x0000000086d00000|  0%| F|  |TAMS 0x0000000086c00000, 0x0000000086c00000| Untracked 
|  71|0x0000000086d00000, 0x0000000086d00000, 0x0000000086e00000|  0%| F|  |TAMS 0x0000000086d00000, 0x0000000086d00000| Untracked 
|  72|0x0000000086e00000, 0x0000000086e00000, 0x0000000086f00000|  0%| F|  |TAMS 0x0000000086e00000, 0x0000000086e00000| Untracked 
|  73|0x0000000086f00000, 0x0000000086f00000, 0x0000000087000000|  0%| F|  |TAMS 0x0000000086f00000, 0x0000000086f00000| Untracked 
|  74|0x0000000087000000, 0x0000000087000000, 0x0000000087100000|  0%| F|  |TAMS 0x0000000087000000, 0x0000000087000000| Untracked 
|  75|0x0000000087100000, 0x0000000087100000, 0x0000000087200000|  0%| F|  |TAMS 0x0000000087100000, 0x0000000087100000| Untracked 
|  76|0x0000000087200000, 0x0000000087200000, 0x0000000087300000|  0%| F|  |TAMS 0x0000000087200000, 0x0000000087200000| Untracked 
|  77|0x0000000087300000, 0x0000000087300000, 0x0000000087400000|  0%| F|  |TAMS 0x0000000087300000, 0x0000000087300000| Untracked 
|  78|0x0000000087400000, 0x0000000087400000, 0x0000000087500000|  0%| F|  |TAMS 0x0000000087400000, 0x0000000087400000| Untracked 
|  79|0x0000000087500000, 0x0000000087500000, 0x0000000087600000|  0%| F|  |TAMS 0x0000000087500000, 0x0000000087500000| Untracked 
|  80|0x0000000087600000, 0x0000000087600000, 0x0000000087700000|  0%| F|  |TAMS 0x0000000087600000, 0x0000000087600000| Untracked 
|  81|0x0000000087700000, 0x0000000087700000, 0x0000000087800000|  0%| F|  |TAMS 0x0000000087700000, 0x0000000087700000| Untracked 
|  82|0x0000000087800000, 0x0000000087800000, 0x0000000087900000|  0%| F|  |TAMS 0x0000000087800000, 0x0000000087800000| Untracked 
|  83|0x0000000087900000, 0x0000000087900000, 0x0000000087a00000|  0%| F|  |TAMS 0x0000000087900000, 0x0000000087900000| Untracked 
|  84|0x0000000087a00000, 0x0000000087a00000, 0x0000000087b00000|  0%| F|  |TAMS 0x0000000087a00000, 0x0000000087a00000| Untracked 
|  85|0x0000000087b00000, 0x0000000087b80800, 0x0000000087c00000| 50%| E|  |TAMS 0x0000000087b00000, 0x0000000087b00000| Complete 
|  86|0x0000000087c00000, 0x0000000087d00000, 0x0000000087d00000|100%| E|CS|TAMS 0x0000000087c00000, 0x0000000087c00000| Complete 
|  87|0x0000000087d00000, 0x0000000087e00000, 0x0000000087e00000|100%| E|CS|TAMS 0x0000000087d00000, 0x0000000087d00000| Complete 
|  88|0x0000000087e00000, 0x0000000087f00000, 0x0000000087f00000|100%| E|CS|TAMS 0x0000000087e00000, 0x0000000087e00000| Complete 
|  89|0x0000000087f00000, 0x0000000088000000, 0x0000000088000000|100%| E|CS|TAMS 0x0000000087f00000, 0x0000000087f00000| Complete 
|  90|0x0000000088000000, 0x0000000088100000, 0x0000000088100000|100%| E|CS|TAMS 0x0000000088000000, 0x0000000088000000| Complete 
|  91|0x0000000088100000, 0x0000000088200000, 0x0000000088200000|100%| E|CS|TAMS 0x0000000088100000, 0x0000000088100000| Complete 
|  92|0x0000000088200000, 0x0000000088300000, 0x0000000088300000|100%| E|CS|TAMS 0x0000000088200000, 0x0000000088200000| Complete 
|  93|0x0000000088300000, 0x0000000088400000, 0x0000000088400000|100%| E|CS|TAMS 0x0000000088300000, 0x0000000088300000| Complete 
|  94|0x0000000088400000, 0x0000000088500000, 0x0000000088500000|100%| E|CS|TAMS 0x0000000088400000, 0x0000000088400000| Complete 
|  95|0x0000000088500000, 0x0000000088600000, 0x0000000088600000|100%| E|CS|TAMS 0x0000000088500000, 0x0000000088500000| Complete 
|  96|0x0000000088600000, 0x0000000088700000, 0x0000000088700000|100%| E|CS|TAMS 0x0000000088600000, 0x0000000088600000| Complete 
|  97|0x0000000088700000, 0x0000000088800000, 0x0000000088800000|100%| E|CS|TAMS 0x0000000088700000, 0x0000000088700000| Complete 
|  98|0x0000000088800000, 0x0000000088900000, 0x0000000088900000|100%| E|CS|TAMS 0x0000000088800000, 0x0000000088800000| Complete 
|  99|0x0000000088900000, 0x0000000088a00000, 0x0000000088a00000|100%| E|CS|TAMS 0x0000000088900000, 0x0000000088900000| Complete 
| 100|0x0000000088a00000, 0x0000000088b00000, 0x0000000088b00000|100%| E|CS|TAMS 0x0000000088a00000, 0x0000000088a00000| Complete 
| 101|0x0000000088b00000, 0x0000000088c00000, 0x0000000088c00000|100%| E|CS|TAMS 0x0000000088b00000, 0x0000000088b00000| Complete 
| 102|0x0000000088c00000, 0x0000000088d00000, 0x0000000088d00000|100%| E|CS|TAMS 0x0000000088c00000, 0x0000000088c00000| Complete 
| 103|0x0000000088d00000, 0x0000000088e00000, 0x0000000088e00000|100%| E|CS|TAMS 0x0000000088d00000, 0x0000000088d00000| Complete 
| 104|0x0000000088e00000, 0x0000000088f00000, 0x0000000088f00000|100%| E|CS|TAMS 0x0000000088e00000, 0x0000000088e00000| Complete 
| 105|0x0000000088f00000, 0x0000000089000000, 0x0000000089000000|100%| E|CS|TAMS 0x0000000088f00000, 0x0000000088f00000| Complete 
| 106|0x0000000089000000, 0x0000000089100000, 0x0000000089100000|100%| E|CS|TAMS 0x0000000089000000, 0x0000000089000000| Complete 
| 107|0x0000000089100000, 0x0000000089200000, 0x0000000089200000|100%| E|CS|TAMS 0x0000000089100000, 0x0000000089100000| Complete 
| 108|0x0000000089200000, 0x0000000089300000, 0x0000000089300000|100%| E|CS|TAMS 0x0000000089200000, 0x0000000089200000| Complete 
| 109|0x0000000089300000, 0x0000000089400000, 0x0000000089400000|100%| E|CS|TAMS 0x0000000089300000, 0x0000000089300000| Complete 
| 110|0x0000000089400000, 0x0000000089500000, 0x0000000089500000|100%| E|CS|TAMS 0x0000000089400000, 0x0000000089400000| Complete 
| 111|0x0000000089500000, 0x0000000089600000, 0x0000000089600000|100%| E|CS|TAMS 0x0000000089500000, 0x0000000089500000| Complete 
| 112|0x0000000089600000, 0x0000000089700000, 0x0000000089700000|100%| E|CS|TAMS 0x0000000089600000, 0x0000000089600000| Complete 
| 113|0x0000000089700000, 0x0000000089800000, 0x0000000089800000|100%| E|CS|TAMS 0x0000000089700000, 0x0000000089700000| Complete 
| 114|0x0000000089800000, 0x0000000089900000, 0x0000000089900000|100%| E|CS|TAMS 0x0000000089800000, 0x0000000089800000| Complete 
| 115|0x0000000089900000, 0x0000000089a00000, 0x0000000089a00000|100%| E|CS|TAMS 0x0000000089900000, 0x0000000089900000| Complete 
| 116|0x0000000089a00000, 0x0000000089b00000, 0x0000000089b00000|100%| E|CS|TAMS 0x0000000089a00000, 0x0000000089a00000| Complete 
| 117|0x0000000089b00000, 0x0000000089c00000, 0x0000000089c00000|100%| E|CS|TAMS 0x0000000089b00000, 0x0000000089b00000| Complete 
| 118|0x0000000089c00000, 0x0000000089d00000, 0x0000000089d00000|100%| E|CS|TAMS 0x0000000089c00000, 0x0000000089c00000| Complete 
| 119|0x0000000089d00000, 0x0000000089e00000, 0x0000000089e00000|100%| E|CS|TAMS 0x0000000089d00000, 0x0000000089d00000| Complete 
| 120|0x0000000089e00000, 0x0000000089f00000, 0x0000000089f00000|100%| E|CS|TAMS 0x0000000089e00000, 0x0000000089e00000| Complete 
| 121|0x0000000089f00000, 0x000000008a000000, 0x000000008a000000|100%| E|CS|TAMS 0x0000000089f00000, 0x0000000089f00000| Complete 
| 122|0x000000008a000000, 0x000000008a100000, 0x000000008a100000|100%| E|CS|TAMS 0x000000008a000000, 0x000000008a000000| Complete 
| 123|0x000000008a100000, 0x000000008a200000, 0x000000008a200000|100%| E|CS|TAMS 0x000000008a100000, 0x000000008a100000| Complete 
| 124|0x000000008a200000, 0x000000008a300000, 0x000000008a300000|100%| E|CS|TAMS 0x000000008a200000, 0x000000008a200000| Complete 
| 125|0x000000008a300000, 0x000000008a400000, 0x000000008a400000|100%| E|CS|TAMS 0x000000008a300000, 0x000000008a300000| Complete 

Card table byte_map: [0x000001bfb3550000,0x000001bfb3940000] _byte_map_base: 0x000001bfb313d000

Marking Bits (Prev, Next): (CMBitMap*) 0x000001bf9b3a1978, (CMBitMap*) 0x000001bf9b3a19b0
 Prev Bits: [0x000001bfb3d30000, 0x000001bfb5c98000)
 Next Bits: [0x000001bfb5ca0000, 0x000001bfb7c08000)

Polling page: 0x000001bf99b30000

Metaspace:

Usage:
  Non-class:     18.00 MB capacity,    17.70 MB ( 98%) used,   236.41 KB (  1%) free+waste,    62.38 KB ( <1%) overhead. 
      Class:      2.46 MB capacity,     2.24 MB ( 91%) used,   189.28 KB (  8%) free+waste,    30.19 KB (  1%) overhead. 
       Both:     20.46 MB capacity,    19.95 MB ( 98%) used,   425.69 KB (  2%) free+waste,    92.56 KB ( <1%) overhead. 

Virtual space:
  Non-class space:       18.00 MB reserved,      18.00 MB (100%) committed 
      Class space:        1.00 GB reserved,       2.50 MB ( <1%) committed 
             Both:        1.02 GB reserved,      20.50 MB (  2%) committed 

Chunk freelists:
   Non-Class:  512 bytes
       Class:  1.25 KB
        Both:  1.75 KB

CodeHeap 'non-profiled nmethods': size=120000Kb used=2208Kb max_used=2208Kb free=117791Kb
 bounds [0x000001bfab1d0000, 0x000001bfab440000, 0x000001bfb2700000]
CodeHeap 'profiled nmethods': size=120000Kb used=7930Kb max_used=7930Kb free=112070Kb
 bounds [0x000001bfa3ca0000, 0x000001bfa4460000, 0x000001bfab1d0000]
CodeHeap 'non-nmethods': size=5760Kb used=1307Kb max_used=1374Kb free=4452Kb
 bounds [0x000001bfa3700000, 0x000001bfa3970000, 0x000001bfa3ca0000]
 total_blobs=5747 nmethods=3914 adapters=621
 compilation: enabled
              stopped_count=0, restarted_count=0
 full_count=0

Compilation events (10 events):
Event: 13.659 Thread 0x000001bfba706800 nmethod 3910 0x000001bfab3f0210 code [0x000001bfab3f03c0, 0x000001bfab3f0618]
Event: 13.673 Thread 0x000001bfba706800 3911       4       java.util.concurrent.locks.ReentrantLock::lock (9 bytes)
Event: 13.676 Thread 0x000001bfba706800 nmethod 3911 0x000001bfab3f0790 code [0x000001bfab3f0940, 0x000001bfab3f0b68]
Event: 13.767 Thread 0x000001bfba706800 3912       4       javafx.scene.effect.Lighting::<init> (67 bytes)
Event: 13.882 Thread 0x000001bfba706800 nmethod 3912 0x000001bfab3f0d10 code [0x000001bfab3f11e0, 0x000001bfab3f5168]
Event: 13.883 Thread 0x000001bfba706800 3913       4       javafx.scene.effect.Effect$1::getBounds (11 bytes)
Event: 13.896 Thread 0x000001bfba706800 nmethod 3913 0x000001bfab3f6e90 code [0x000001bfab3f70a0, 0x000001bfab3f7658]
Event: 13.906 Thread 0x000001bfba706800 3914       4       javafx.scene.effect.Lighting::update (160 bytes)
Event: 14.072 Thread 0x000001bfba716000 3916       1       java.util.HashMap::afterNodeRemoval (1 bytes)
Event: 14.072 Thread 0x000001bfba716000 nmethod 3916 0x000001bfab3f7c90 code [0x000001bfab3f7e40, 0x000001bfab3f7f58]

GC Heap History (6 events):
Event: 1.065 GC heap before
{Heap before GC invocations=0 (full 0):
 garbage-first heap   total 129024K, used 32768K [0x0000000082600000, 0x0000000100000000)
  region size 1024K, 24 young (24576K), 0 survivors (0K)
 Metaspace       used 11649K, capacity 12024K, committed 12288K, reserved 1060864K
  class space    used 1297K, capacity 1444K, committed 1536K, reserved 1048576K
}
Event: 1.070 GC heap after
{Heap after GC invocations=1 (full 0):
 garbage-first heap   total 129024K, used 11039K [0x0000000082600000, 0x0000000100000000)
  region size 1024K, 3 young (3072K), 3 survivors (3072K)
 Metaspace       used 11649K, capacity 12024K, committed 12288K, reserved 1060864K
  class space    used 1297K, capacity 1444K, committed 1536K, reserved 1048576K
}
Event: 7.196 GC heap before
{Heap before GC invocations=1 (full 0):
 garbage-first heap   total 129024K, used 84767K [0x0000000082600000, 0x0000000100000000)
  region size 1024K, 75 young (76800K), 3 survivors (3072K)
 Metaspace       used 20139K, capacity 20680K, committed 20736K, reserved 1067008K
  class space    used 2298K, capacity 2518K, committed 2560K, reserved 1048576K
}
Event: 7.202 GC heap after
{Heap after GC invocations=2 (full 0):
 garbage-first heap   total 129024K, used 13122K [0x0000000082600000, 0x0000000100000000)
  region size 1024K, 5 young (5120K), 5 survivors (5120K)
 Metaspace       used 20139K, capacity 20680K, committed 20736K, reserved 1067008K
  class space    used 2298K, capacity 2518K, committed 2560K, reserved 1048576K
}
Event: 10.823 GC heap before
{Heap before GC invocations=2 (full 0):
 garbage-first heap   total 129024K, used 84802K [0x0000000082600000, 0x0000000100000000)
  region size 1024K, 75 young (76800K), 5 survivors (5120K)
 Metaspace       used 20387K, capacity 20941K, committed 20992K, reserved 1067008K
  class space    used 2298K, capacity 2518K, committed 2560K, reserved 1048576K
}
Event: 10.831 GC heap after
{Heap after GC invocations=3 (full 0):
 garbage-first heap   total 129024K, used 13312K [0x0000000082600000, 0x0000000100000000)
  region size 1024K, 5 young (5120K), 5 survivors (5120K)
 Metaspace       used 20387K, capacity 20941K, committed 20992K, reserved 1067008K
  class space    used 2298K, capacity 2518K, committed 2560K, reserved 1048576K
}

Deoptimization events (10 events):
Event: 6.575 Thread 0x000001bf9992e000 Uncommon trap: reason=class_check action=maybe_recompile pc=0x000001bfab3142a8 method=jdk.internal.misc.Unsafe.allocateUninitializedArray(Ljava/lang/Class;I)Ljava/lang/Object; @ 48 c2
Event: 6.575 Thread 0x000001bf9992e000 Uncommon trap: reason=class_check action=maybe_recompile pc=0x000001bfab3142a8 method=jdk.internal.misc.Unsafe.allocateUninitializedArray(Ljava/lang/Class;I)Ljava/lang/Object; @ 48 c2
Event: 7.209 Thread 0x000001bf9992e000 Uncommon trap: reason=unstable_if action=reinterpret pc=0x000001bfab27a7d8 method=java.util.WeakHashMap.expungeStaleEntries()V @ 9 c2
Event: 8.407 Thread 0x000001bf9992e000 Uncommon trap: reason=profile_predicate action=maybe_recompile pc=0x000001bfab3384ac method=com.sun.javafx.binding.ExpressionHelper$Generic.removeListener(Ljavafx/beans/InvalidationListener;)Lcom/sun/javafx/binding/ExpressionHelper; @ 14 c2
Event: 8.407 Thread 0x000001bf9992e000 Uncommon trap: reason=profile_predicate action=maybe_recompile pc=0x000001bfab3384ac method=com.sun.javafx.binding.ExpressionHelper$Generic.removeListener(Ljavafx/beans/InvalidationListener;)Lcom/sun/javafx/binding/ExpressionHelper; @ 14 c2
Event: 8.424 Thread 0x000001bf9992e000 Uncommon trap: reason=profile_predicate action=maybe_recompile pc=0x000001bfab3384ac method=com.sun.javafx.binding.ExpressionHelper$Generic.removeListener(Ljavafx/beans/InvalidationListener;)Lcom/sun/javafx/binding/ExpressionHelper; @ 14 c2
Event: 8.424 Thread 0x000001bf9992e000 Uncommon trap: reason=profile_predicate action=maybe_recompile pc=0x000001bfab3384ac method=com.sun.javafx.binding.ExpressionHelper$Generic.removeListener(Ljavafx/beans/InvalidationListener;)Lcom/sun/javafx/binding/ExpressionHelper; @ 14 c2
Event: 9.691 Thread 0x000001bf9992e000 Uncommon trap: reason=unstable_if action=reinterpret pc=0x000001bfab36f158 method=com.sun.javafx.geom.RectBounds.equals(Ljava/lang/Object;)Z @ 75 c2
Event: 10.831 Thread 0x000001bf9992e000 Uncommon trap: reason=class_check action=maybe_recompile pc=0x000001bfab2c36c4 method=java.util.concurrent.ConcurrentHashMap.putVal(Ljava/lang/Object;Ljava/lang/Object;Z)Ljava/lang/Object; @ 242 c2
Event: 10.831 Thread 0x000001bf9992e000 Uncommon trap: reason=unstable_if action=reinterpret pc=0x000001bfab2df200 method=java.util.WeakHashMap$HashIterator.hasNext()Z @ 76 c2

Classes redefined (0 events):
No events

Internal exceptions (10 events):
Event: 1.168 Thread 0x000001bf9992e000 Exception <a 'java/lang/NullPointerException'{0x0000000089da8970}> (0x0000000089da8970) thrown at [t:/workspace/open/src/hotspot/share/prims/jvm.cpp, line 1300]
Event: 1.358 Thread 0x000001bf9992e000 Exception <a 'java/lang/NoSuchMethodError'{0x00000000898f7810}: java.lang.invoke.DirectMethodHandle$Holder.invokeStaticInit(Ljava/lang/Object;Ljava/lang/Object;Ljava/lang/Object;)J> (0x00000000898f7810) thrown at [t:/workspace/open/src/hotspot/share/inter
Event: 1.362 Thread 0x000001bf9992e000 Exception <a 'java/lang/NoSuchMethodError'{0x0000000089790bb0}: java.lang.invoke.DirectMethodHandle$Holder.invokeStatic(Ljava/lang/Object;Ljava/lang/Object;J)Ljava/lang/Object;> (0x0000000089790bb0) thrown at [t:/workspace/open/src/hotspot/share/interpret
Event: 1.363 Thread 0x000001bf9992e000 Exception <a 'java/lang/NoSuchMethodError'{0x0000000089796d28}: java.lang.invoke.Invokers$Holder.linkToTargetMethod(Ljava/lang/Object;JLjava/lang/Object;)Ljava/lang/Object;> (0x0000000089796d28) thrown at [t:/workspace/open/src/hotspot/share/interpreter/l
Event: 1.376 Thread 0x000001bfbbd40000 Exception <a 'java/lang/NoSuchMethodError'{0x0000000089619660}: java.lang.invoke.DirectMethodHandle$Holder.invokeStaticInit(Ljava/lang/Object;Ljava/lang/Object;)I> (0x0000000089619660) thrown at [t:/workspace/open/src/hotspot/share/interpreter/linkResolve
Event: 2.687 Thread 0x000001bfbbd40000 Exception <a 'java/lang/NoSuchMethodError'{0x0000000089444660}: java.lang.invoke.DirectMethodHandle$Holder.invokeStaticInit(Ljava/lang/Object;I)Ljava/lang/Object;> (0x0000000089444660) thrown at [t:/workspace/open/src/hotspot/share/interpreter/linkResolve
Event: 4.660 Thread 0x000001bf9992e000 Implicit null exception at 0x000001bfab21fff7 to 0x000001bfab22051a
Event: 4.660 Thread 0x000001bf9992e000 Implicit null exception at 0x000001bfab21f4f4 to 0x000001bfab21fa42
Event: 4.779 Thread 0x000001bf9992e000 Exception <a 'java/lang/NoSuchMethodError'{0x0000000088029288}: java.lang.invoke.DirectMethodHandle$Holder.invokeSpecial(Ljava/lang/Object;Ljava/lang/Object;D)V> (0x0000000088029288) thrown at [t:/workspace/open/src/hotspot/share/interpreter/linkResolver.
Event: 4.779 Thread 0x000001bf9992e000 Exception <a 'java/lang/NoSuchMethodError'{0x000000008802f078}: java.lang.invoke.DirectMethodHandle$Holder.invokeStatic(Ljava/lang/Object;Ljava/lang/Object;D)Ljava/lang/Object;> (0x000000008802f078) thrown at [t:/workspace/open/src/hotspot/share/interpret

Events (10 events):
Event: 13.643 Thread 0x000001bfc8ba1000 Thread exited: 0x000001bfc8ba1000
Event: 13.643 Thread 0x000001bfc8ba1000 Thread added: 0x000001bfc8ba1000
Event: 13.643 Thread 0x000001bfc8ba1000 Thread exited: 0x000001bfc8ba1000
Event: 13.643 Thread 0x000001bfc8b9e000 Thread added: 0x000001bfc8b9e000
Event: 13.643 Thread 0x000001bfc8b9e000 Thread exited: 0x000001bfc8b9e000
Event: 13.643 Thread 0x000001bfc8ba1000 Thread added: 0x000001bfc8ba1000
Event: 13.643 Thread 0x000001bfc8ba1000 Thread exited: 0x000001bfc8ba1000
Event: 13.656 Thread 0x000001bfc8ba1000 Thread added: 0x000001bfc8ba1000
Event: 13.656 Executing VM operation: RevokeBias
Event: 13.656 Executing VM operation: RevokeBias done


Dynamic libraries:
0x00007ff7e4fd0000 - 0x00007ff7e5017000 	C:\Program Files\Java\jdk-11.0.6\bin\java.exe
0x00007ffca4950000 - 0x00007ffca4b46000 	C:\WINDOWS\SYSTEM32\ntdll.dll
0x00007ffca3810000 - 0x00007ffca38cd000 	C:\WINDOWS\System32\KERNEL32.DLL
0x00007ffca22c0000 - 0x00007ffca2589000 	C:\WINDOWS\System32\KERNELBASE.dll
0x00007ffca34a0000 - 0x00007ffca354c000 	C:\WINDOWS\System32\ADVAPI32.dll
0x00007ffca4810000 - 0x00007ffca48ae000 	C:\WINDOWS\System32\msvcrt.dll
0x00007ffca3d00000 - 0x00007ffca3d9c000 	C:\WINDOWS\System32\sechost.dll
0x00007ffca29b0000 - 0x00007ffca2adb000 	C:\WINDOWS\System32\RPCRT4.dll
0x00007ffca4500000 - 0x00007ffca46a0000 	C:\WINDOWS\System32\USER32.dll
0x00007ffca2930000 - 0x00007ffca2952000 	C:\WINDOWS\System32\win32u.dll
0x00007ffca3260000 - 0x00007ffca328a000 	C:\WINDOWS\System32\GDI32.dll
0x00007ffca2690000 - 0x00007ffca2799000 	C:\WINDOWS\System32\gdi32full.dll
0x00007ffca2090000 - 0x00007ffca212d000 	C:\WINDOWS\System32\msvcp_win.dll
0x00007ffca2590000 - 0x00007ffca2690000 	C:\WINDOWS\System32\ucrtbase.dll
0x00007ffc87dc0000 - 0x00007ffc8805b000 	C:\WINDOWS\WinSxS\amd64_microsoft.windows.common-controls_6595b64144ccf1df_6.0.19041.488_none_ca04af081b815d21\COMCTL32.dll
0x00007ffc9b020000 - 0x00007ffc9b02a000 	C:\WINDOWS\SYSTEM32\VERSION.dll
0x00007ffca37e0000 - 0x00007ffca3810000 	C:\WINDOWS\System32\IMM32.DLL
0x00007ffc7c9c0000 - 0x00007ffc7c9d6000 	C:\Program Files\Java\jdk-11.0.6\bin\vcruntime140.dll
0x00007ffc6b8e0000 - 0x00007ffc6b98a000 	C:\Program Files\Java\jdk-11.0.6\bin\msvcp140.dll
0x00007ffc30f40000 - 0x00007ffc31a69000 	C:\Program Files\Java\jdk-11.0.6\bin\server\jvm.dll
0x00007ffca3160000 - 0x00007ffca3168000 	C:\WINDOWS\System32\PSAPI.DLL
0x00007ffc85e60000 - 0x00007ffc85e69000 	C:\WINDOWS\SYSTEM32\WSOCK32.dll
0x00007ffc94220000 - 0x00007ffc94247000 	C:\WINDOWS\SYSTEM32\WINMM.dll
0x00007ffca3c90000 - 0x00007ffca3cfb000 	C:\WINDOWS\System32\WS2_32.dll
0x00007ffc9ffc0000 - 0x00007ffc9ffd2000 	C:\WINDOWS\SYSTEM32\kernel.appcore.dll
0x00007ffc7bf00000 - 0x00007ffc7bf11000 	C:\Program Files\Java\jdk-11.0.6\bin\verify.dll
0x00007ffc91460000 - 0x00007ffc91644000 	C:\WINDOWS\SYSTEM32\DBGHELP.DLL
0x00007ffc91250000 - 0x00007ffc9127c000 	C:\WINDOWS\SYSTEM32\dbgcore.DLL
0x00007ffca27a0000 - 0x00007ffca2820000 	C:\WINDOWS\System32\bcryptPrimitives.dll
0x00007ffc7bdc0000 - 0x00007ffc7bde9000 	C:\Program Files\Java\jdk-11.0.6\bin\java.dll
0x00007ffc7bc40000 - 0x00007ffc7bc56000 	C:\Program Files\Java\jdk-11.0.6\bin\zip.dll
0x00007ffc9d250000 - 0x00007ffc9d25a000 	C:\Program Files\Java\jdk-11.0.6\bin\jimage.dll
0x00007ffca3db0000 - 0x00007ffca44f2000 	C:\WINDOWS\System32\SHELL32.dll
0x00007ffca01c0000 - 0x00007ffca0955000 	C:\WINDOWS\SYSTEM32\windows.storage.dll
0x00007ffca38d0000 - 0x00007ffca3c26000 	C:\WINDOWS\System32\combase.dll
0x00007ffca1b00000 - 0x00007ffca1b2c000 	C:\WINDOWS\SYSTEM32\Wldp.dll
0x00007ffca3560000 - 0x00007ffca360e000 	C:\WINDOWS\System32\SHCORE.dll
0x00007ffca48b0000 - 0x00007ffca4905000 	C:\WINDOWS\System32\shlwapi.dll
0x00007ffca1fc0000 - 0x00007ffca1fe6000 	C:\WINDOWS\SYSTEM32\profapi.dll
0x00007ffc7bbf0000 - 0x00007ffc7bc09000 	C:\Program Files\Java\jdk-11.0.6\bin\net.dll
0x00007ffc94580000 - 0x00007ffc94680000 	C:\WINDOWS\SYSTEM32\WINHTTP.dll
0x00007ffca1810000 - 0x00007ffca187a000 	C:\WINDOWS\system32\mswsock.dll
0x00007ffc7bbd0000 - 0x00007ffc7bbe3000 	C:\Program Files\Java\jdk-11.0.6\bin\nio.dll
0x000001bf99b90000 - 0x000001bf99b93000 	C:\Games\javafx-sdk-15.0.1\bin\api-ms-win-core-console-l1-1-0.dll
0x000001bfbcbf0000 - 0x000001bfbcbf3000 	C:\Games\javafx-sdk-15.0.1\bin\api-ms-win-core-console-l1-2-0.dll
0x000001bfbcc00000 - 0x000001bfbcc03000 	C:\Games\javafx-sdk-15.0.1\bin\api-ms-win-core-datetime-l1-1-0.dll
0x000001bfbcc10000 - 0x000001bfbcc13000 	C:\Games\javafx-sdk-15.0.1\bin\api-ms-win-core-debug-l1-1-0.dll
0x000001bfbcc20000 - 0x000001bfbcc23000 	C:\Games\javafx-sdk-15.0.1\bin\api-ms-win-core-errorhandling-l1-1-0.dll
0x000001bfbcc30000 - 0x000001bfbcc34000 	C:\Games\javafx-sdk-15.0.1\bin\api-ms-win-core-file-l1-1-0.dll
0x000001bfbcc40000 - 0x000001bfbcc43000 	C:\Games\javafx-sdk-15.0.1\bin\api-ms-win-core-file-l1-2-0.dll
0x000001bfbcc50000 - 0x000001bfbcc53000 	C:\Games\javafx-sdk-15.0.1\bin\api-ms-win-core-file-l2-1-0.dll
0x000001bfbcc60000 - 0x000001bfbcc63000 	C:\Games\javafx-sdk-15.0.1\bin\api-ms-win-core-handle-l1-1-0.dll
0x000001bfbcc70000 - 0x000001bfbcc73000 	C:\Games\javafx-sdk-15.0.1\bin\api-ms-win-core-heap-l1-1-0.dll
0x000001bfbcc80000 - 0x000001bfbcc83000 	C:\Games\javafx-sdk-15.0.1\bin\api-ms-win-core-interlocked-l1-1-0.dll
0x000001bfbcc90000 - 0x000001bfbcc93000 	C:\Games\javafx-sdk-15.0.1\bin\api-ms-win-core-libraryloader-l1-1-0.dll
0x000001bfbcca0000 - 0x000001bfbcca3000 	C:\Games\javafx-sdk-15.0.1\bin\api-ms-win-core-localization-l1-2-0.dll
0x000001bfbccb0000 - 0x000001bfbccb3000 	C:\Games\javafx-sdk-15.0.1\bin\api-ms-win-core-memory-l1-1-0.dll
0x000001bfbccc0000 - 0x000001bfbccc3000 	C:\Games\javafx-sdk-15.0.1\bin\api-ms-win-core-namedpipe-l1-1-0.dll
0x000001bfbccd0000 - 0x000001bfbccd3000 	C:\Games\javafx-sdk-15.0.1\bin\api-ms-win-core-processenvironment-l1-1-0.dll
0x000001bfbcce0000 - 0x000001bfbcce3000 	C:\Games\javafx-sdk-15.0.1\bin\api-ms-win-core-processthreads-l1-1-0.dll
0x000001bfbccf0000 - 0x000001bfbccf3000 	C:\Games\javafx-sdk-15.0.1\bin\api-ms-win-core-processthreads-l1-1-1.dll
0x000001bfbcd00000 - 0x000001bfbcd03000 	C:\Games\javafx-sdk-15.0.1\bin\api-ms-win-core-profile-l1-1-0.dll
0x000001bfbcd10000 - 0x000001bfbcd13000 	C:\Games\javafx-sdk-15.0.1\bin\api-ms-win-core-rtlsupport-l1-1-0.dll
0x000001bfbcd20000 - 0x000001bfbcd23000 	C:\Games\javafx-sdk-15.0.1\bin\api-ms-win-core-string-l1-1-0.dll
0x000001bfbcd30000 - 0x000001bfbcd33000 	C:\Games\javafx-sdk-15.0.1\bin\api-ms-win-core-synch-l1-1-0.dll
0x000001bfbcd40000 - 0x000001bfbcd43000 	C:\Games\javafx-sdk-15.0.1\bin\api-ms-win-core-synch-l1-2-0.dll
0x000001bfbcd50000 - 0x000001bfbcd53000 	C:\Games\javafx-sdk-15.0.1\bin\api-ms-win-core-sysinfo-l1-1-0.dll
0x000001bfbcd60000 - 0x000001bfbcd63000 	C:\Games\javafx-sdk-15.0.1\bin\api-ms-win-core-timezone-l1-1-0.dll
0x000001bfbcd70000 - 0x000001bfbcd73000 	C:\Games\javafx-sdk-15.0.1\bin\api-ms-win-core-util-l1-1-0.dll
0x000001bfbcd80000 - 0x000001bfbcd83000 	C:\Games\javafx-sdk-15.0.1\bin\api-ms-win-crt-conio-l1-1-0.dll
0x000001bfbcd90000 - 0x000001bfbcd94000 	C:\Games\javafx-sdk-15.0.1\bin\api-ms-win-crt-convert-l1-1-0.dll
0x000001bfbcda0000 - 0x000001bfbcda3000 	C:\Games\javafx-sdk-15.0.1\bin\api-ms-win-crt-environment-l1-1-0.dll
0x000001bfbd150000 - 0x000001bfbd153000 	C:\Games\javafx-sdk-15.0.1\bin\api-ms-win-crt-filesystem-l1-1-0.dll
0x000001bfbd160000 - 0x000001bfbd163000 	C:\Games\javafx-sdk-15.0.1\bin\api-ms-win-crt-heap-l1-1-0.dll
0x000001bfbd170000 - 0x000001bfbd173000 	C:\Games\javafx-sdk-15.0.1\bin\api-ms-win-crt-locale-l1-1-0.dll
0x000001bfbd180000 - 0x000001bfbd185000 	C:\Games\javafx-sdk-15.0.1\bin\api-ms-win-crt-math-l1-1-0.dll
0x000001bfbd190000 - 0x000001bfbd195000 	C:\Games\javafx-sdk-15.0.1\bin\api-ms-win-crt-multibyte-l1-1-0.dll
0x000001bfbd1a0000 - 0x000001bfbd1b0000 	C:\Games\javafx-sdk-15.0.1\bin\api-ms-win-crt-private-l1-1-0.dll
0x000001bfbd1b0000 - 0x000001bfbd1b3000 	C:\Games\javafx-sdk-15.0.1\bin\api-ms-win-crt-process-l1-1-0.dll
0x000001bfbd1c0000 - 0x000001bfbd1c4000 	C:\Games\javafx-sdk-15.0.1\bin\api-ms-win-crt-runtime-l1-1-0.dll
0x000001bfbd1d0000 - 0x000001bfbd1d4000 	C:\Games\javafx-sdk-15.0.1\bin\api-ms-win-crt-stdio-l1-1-0.dll
0x000001bfbd1e0000 - 0x000001bfbd1e4000 	C:\Games\javafx-sdk-15.0.1\bin\api-ms-win-crt-string-l1-1-0.dll
0x000001bfbd1f0000 - 0x000001bfbd1f3000 	C:\Games\javafx-sdk-15.0.1\bin\api-ms-win-crt-time-l1-1-0.dll
0x000001bfbd200000 - 0x000001bfbd203000 	C:\Games\javafx-sdk-15.0.1\bin\api-ms-win-crt-utility-l1-1-0.dll
0x00007ffc6aaa0000 - 0x00007ffc6ab9c000 	C:\Games\javafx-sdk-15.0.1\bin\ucrtbase.dll
0x00007ffc71470000 - 0x00007ffc71485000 	C:\Games\javafx-sdk-15.0.1\bin\vcruntime140.dll
0x00007ffc89fa0000 - 0x00007ffc89fac000 	C:\Windows\System32\vcruntime140_1.dll
0x00007ffc6b570000 - 0x00007ffc6b60b000 	C:\Games\javafx-sdk-15.0.1\bin\msvcp140.dll
0x00007ffc71400000 - 0x00007ffc71423000 	C:\Games\javafx-sdk-15.0.1\bin\prism_d3d.dll
0x00007ffc70cb0000 - 0x00007ffc70e7f000 	C:\WINDOWS\system32\d3d9.dll
0x00007ffc9fde0000 - 0x00007ffc9fe0f000 	C:\WINDOWS\SYSTEM32\dwmapi.dll
0x00007ffc9fb00000 - 0x00007ffc9fb9e000 	C:\WINDOWS\system32\uxtheme.dll
0x00007ffc47450000 - 0x00007ffc4a535000 	C:\WINDOWS\System32\DriverStore\FileRepository\igdlh64.inf_amd64_b5d4c82c67b39358\igd9dxva64.dll
0x00007ffca3370000 - 0x00007ffca349a000 	C:\WINDOWS\System32\ole32.dll
0x00007ffca3190000 - 0x00007ffca325d000 	C:\WINDOWS\System32\OLEAUT32.dll
0x00007ffca1c80000 - 0x00007ffca1c92000 	C:\WINDOWS\SYSTEM32\msasn1.dll
0x00007ffc9aee0000 - 0x00007ffc9af11000 	C:\WINDOWS\SYSTEM32\cryptnet.dll
0x00007ffca2130000 - 0x00007ffca228d000 	C:\WINDOWS\System32\CRYPT32.dll
0x00007ffca1a00000 - 0x00007ffca1a0c000 	C:\WINDOWS\SYSTEM32\cryptbase.dll
0x00007ffca28d0000 - 0x00007ffca2930000 	C:\WINDOWS\System32\WINTRUST.DLL
0x00007ffca3170000 - 0x00007ffca318d000 	C:\WINDOWS\System32\imagehlp.dll
0x00007ffca19e0000 - 0x00007ffca19f8000 	C:\WINDOWS\SYSTEM32\CRYPTSP.dll
0x00007ffca1140000 - 0x00007ffca1174000 	C:\WINDOWS\system32\rsaenh.dll
0x00007ffca2290000 - 0x00007ffca22b7000 	C:\WINDOWS\System32\bcrypt.dll
0x00007ffc6aa50000 - 0x00007ffc6aa95000 	C:\Games\javafx-sdk-15.0.1\bin\glass.dll
0x00007ffca3290000 - 0x00007ffca336b000 	C:\WINDOWS\System32\COMDLG32.dll
0x00007ffca3610000 - 0x00007ffca3726000 	C:\WINDOWS\System32\MSCTF.dll
0x00007ffc5efc0000 - 0x00007ffc5f0c5000 	C:\WINDOWS\System32\DriverStore\FileRepository\nvaci.inf_amd64_43d2ede2df31e0d6\nvldumdx.dll
0x00007ffc45800000 - 0x00007ffc47447000 	C:\WINDOWS\System32\DriverStore\FileRepository\nvaci.inf_amd64_43d2ede2df31e0d6\nvd3dumx.dll
0x00007ffc4ea90000 - 0x00007ffc4ed49000 	C:\WINDOWS\system32\nvspcap64.dll
0x00007ffca0db0000 - 0x00007ffca0de3000 	C:\WINDOWS\SYSTEM32\ntmarta.dll
0x00007ffca0970000 - 0x00007ffca0993000 	C:\WINDOWS\SYSTEM32\gpapi.dll
0x00007ffc99a90000 - 0x00007ffc99acb000 	C:\WINDOWS\SYSTEM32\dxcore.dll
0x00007ffca2960000 - 0x00007ffca29ae000 	C:\WINDOWS\System32\cfgmgr32.dll
0x00007ffc54580000 - 0x00007ffc54763000 	C:\WINDOWS\System32\DriverStore\FileRepository\igdlh64.inf_amd64_b5d4c82c67b39358\igdumdim64.dll
0x00007ffc95570000 - 0x00007ffc97310000 	C:\WINDOWS\System32\DriverStore\FileRepository\igdlh64.inf_amd64_b5d4c82c67b39358\igc64.dll
0x00007ffc713e0000 - 0x00007ffc713f4000 	C:\Games\javafx-sdk-15.0.1\bin\javafx_font.dll
0x00007ffc74070000 - 0x00007ffc742ef000 	C:\WINDOWS\SYSTEM32\dwrite.dll
0x00007ffca3730000 - 0x00007ffca37d9000 	C:\WINDOWS\System32\clbcatq.dll
0x00007ffc9b910000 - 0x00007ffc9bac4000 	C:\WINDOWS\SYSTEM32\WindowsCodecs.dll
0x00007ffc66890000 - 0x00007ffc668ce000 	C:\WINDOWS\system32\dataexchange.dll
0x00007ffc9de10000 - 0x00007ffc9e074000 	C:\WINDOWS\system32\d3d11.dll
0x00007ffc9ed40000 - 0x00007ffc9ef27000 	C:\WINDOWS\system32\dcomp.dll
0x00007ffca09c0000 - 0x00007ffca0ab3000 	C:\WINDOWS\system32\dxgi.dll
0x00007ffc9be70000 - 0x00007ffc9c078000 	C:\WINDOWS\system32\twinapi.appcore.dll
0x00007ffc711b0000 - 0x00007ffc711e4000 	C:\Program Files\Common Files\Microsoft Shared\Ink\rtscom.dll
0x00007ffc8a7f0000 - 0x00007ffc8a8ed000 	C:\WINDOWS\SYSTEM32\textinputframework.dll
0x00007ffc9f2b0000 - 0x00007ffc9f60e000 	C:\WINDOWS\System32\CoreUIComponents.dll

dbghelp: loaded successfully - version: 4.0.5 - missing functions: none
symbol engine: initialized successfully - sym options: 0x614 - pdb path: .;C:\Program Files\Java\jdk-11.0.6\bin;C:\WINDOWS\SYSTEM32;C:\WINDOWS\WinSxS\amd64_microsoft.windows.common-controls_6595b64144ccf1df_6.0.19041.488_none_ca04af081b815d21;C:\Program Files\Java\jdk-11.0.6\bin\server;C:\Games\javafx-sdk-15.0.1\bin;C:\WINDOWS\System32\DriverStore\FileRepository\igdlh64.inf_amd64_b5d4c82c67b39358;C:\WINDOWS\System32\DriverStore\FileRepository\nvaci.inf_amd64_43d2ede2df31e0d6;C:\Program Files\Common Files\Microsoft Shared\Ink

VM Arguments:
jvm_args: --module-path=C:\Games\javafx-sdk-15.0.1\lib --add-modules=javafx.controls,javafx.media 
java_command: alpha.Main
java_class_path (initial): C:\Users\Oleg\eclipse-workspace\PacSquare\beans
Launcher Type: SUN_STANDARD

[Global flags]
     intx CICompilerCount                          = 4                                         {product} {ergonomic}
     uint ConcGCThreads                            = 2                                         {product} {ergonomic}
     uint G1ConcRefinementThreads                  = 8                                         {product} {ergonomic}
   size_t G1HeapRegionSize                         = 1048576                                   {product} {ergonomic}
    uintx GCDrainStackTargetSize                   = 64                                        {product} {ergonomic}
   size_t InitialHeapSize                          = 132120576                                 {product} {ergonomic}
   size_t MarkStackSize                            = 4194304                                   {product} {ergonomic}
   size_t MaxHeapSize                              = 2107637760                                {product} {ergonomic}
   size_t MaxNewSize                               = 1264582656                                {product} {ergonomic}
   size_t MinHeapDeltaBytes                        = 1048576                                   {product} {ergonomic}
    uintx NonNMethodCodeHeapSize                   = 5836300                                {pd product} {ergonomic}
    uintx NonProfiledCodeHeapSize                  = 122910970                              {pd product} {ergonomic}
    uintx ProfiledCodeHeapSize                     = 122910970                              {pd product} {ergonomic}
    uintx ReservedCodeCacheSize                    = 251658240                              {pd product} {ergonomic}
     bool SegmentedCodeCache                       = true                                      {product} {ergonomic}
     bool UseCompressedClassPointers               = true                                 {lp64_product} {ergonomic}
     bool UseCompressedOops                        = true                                 {lp64_product} {ergonomic}
     bool UseG1GC                                  = true                                      {product} {ergonomic}
     bool UseLargePagesIndividualAllocation        = false                                  {pd product} {ergonomic}

Logging:
Log output configuration:
 #0: stdout all=warning uptime,level,tags
 #1: stderr all=off uptime,level,tags

Environment Variables:
JAVA_HOME=C:\Program Files\AdoptOpenJDK\jdk-11.0.8.10-hotspot\
PATH=C:/Program Files/AdoptOpenJDK/jdk-11.0.8.10-hotspot/bin/client;C:/Program Files/AdoptOpenJDK/jdk-11.0.8.10-hotspot/bin;D:\Oculus\Support\oculus-runtime;C:\Python39\Scripts\;C:\Python39\;C:\Program Files\AdoptOpenJDK\jdk-11.0.8.10-hotspot\bin;C:\Program Files\AdoptOpenJDK\jdk-8.0.265.01-hotspot\bin;C:\Program Files (x86)\Common Files\Oracle\Java\javapath;C:\Program Files (x86)\Intel\Intel(R) Management Engine Components\iCLS\;C:\Program Files\Intel\Intel(R) Management Engine Components\iCLS\;C:\Windows\system32;C:\Windows;C:\Windows\System32\Wbem;C:\Windows\System32\WindowsPowerShell\v1.0\;C:\Program Files (x86)\Intel\Intel(R) Management Engine Components\DAL;C:\Program Files\Intel\Intel(R) Management Engine Components\DAL;C:\Program Files (x86)\Intel\Intel(R) Management Engine Components\IPT;C:\Program Files\Intel\Intel(R) Management Engine Components\IPT;C:\Program Files (x86)\NVIDIA Corporation\PhysX\Common;C:\Windows\System32\OpenSSH\;C:\Program Files\Intel\WiFi\bin\;C:\Program Files\Common Files\Intel\WirelessCommon\;C:\Program Files\Java\jdk-11.0.6\bin;C:\Program Files\PuTTY\;C:\Program Files\NVIDIA Corporation\NVIDIA NvDLISR;C:\WINDOWS\system32;C:\WINDOWS;C:\WINDOWS\System32\Wbem;C:\WINDOWS\System32\WindowsPowerShell\v1.0\;C:\WINDOWS\System32\OpenSSH\;C:\Program Files (x86)\Calibre2\;C:\Program Files\nodejs\;C:\ProgramData\chocolatey\bin;C:\Program Files\Git\cmd;C:\Program Files (x86)\Yarn\bin\;C:\Users\Oleg\AppData\Local\python2\scripts;C:\Users\Oleg\AppData\Local\python2;C:\Users\Oleg\AppData\Local\python2\scripts;C:\Users\Oleg\AppData\Local\python2;C:\Users\Oleg\AppData\Local\python2\scripts;C:\Users\Oleg\AppData\Local\python2;C:\Ruby27-x64\bin;C:\Users\Oleg\AppData\Local\Microsoft\WindowsApps;C:\Program Files\Intel\WiFi\bin\;C:\Program Files\Common Files\Intel\WirelessCommon\;C:\Program Files\Java\jdk-11.0.6\bin;C:\Users\Oleg\AppData\Local\Programs\Microsoft VS Code\bin;C:\Users\Oleg\AppData\Roaming\npm;C:\Users\Oleg\AppData\Local\Android\Sdk;C:\Users\Ol
USERNAME=Oleg
OS=Windows_NT
PROCESSOR_IDENTIFIER=Intel64 Family 6 Model 158 Stepping 10, GenuineIntel



---------------  S Y S T E M  ---------------

OS: Windows 10 , 64 bit Build 19041 (10.0.19041.662)

CPU:total 8 (initial active 8) (4 cores per cpu, 2 threads per core) family 6 model 158 stepping 10, cmov, cx8, fxsr, mmx, sse, sse2, sse3, ssse3, sse4.1, sse4.2, popcnt, avx, avx2, aes, clmul, erms, 3dnowpref, lzcnt, ht, tsc, tscinvbit, bmi1, bmi2, adx, fma

Memory: 4k page, system-wide physical 8034M (731M free)
TotalPageFile size 18536M (AvailPageFile size 2875M)
current process WorkingSet (physical memory assigned to process): 207M, peak: 225M
current process commit charge ("private bytes"): 320M, peak: 345M

vm_info: Java HotSpot(TM) 64-Bit Server VM (11.0.6+8-LTS) for windows-amd64 JRE (11.0.6+8-LTS), built on Dec 11 2019 09:17:57 by "mach5one" with MS VC++ 15.5 (VS2017)

END.
